              :-) GROMACS - gmx mdrun, 2021.4-Ubuntu-2021.4-2 (-:

                            GROMACS is written by:
     Andrey Alekseenko              Emile Apol              Rossen Apostolov     
         Paul Bauer           Herman J.C. Berendsen           Par Bjelkmar       
       Christian Blau           Viacheslav Bolnykh             Kevin Boyd        
     Aldert van Buuren           Rudi van Drunen             Anton Feenstra      
    Gilles Gouaillardet             Alan Gray               Gerrit Groenhof      
       Anca Hamuraru            Vincent Hindriksen          M. Eric Irrgang      
      Aleksei Iupinov           Christoph Junghans             Joe Jordan        
    Dimitrios Karkoulis            Peter Kasson                Jiri Kraus        
      Carsten Kutzner              Per Larsson              Justin A. Lemkul     
       Viveca Lindahl            Magnus Lundborg             Erik Marklund       
        Pascal Merz             Pieter Meulenhoff            Teemu Murtola       
        Szilard Pall               Sander Pronk              Roland Schulz       
       Michael Shirts            Alexey Shvetsov             Alfons Sijbers      
       Peter Tieleman              Jon Vincent              Teemu Virolainen     
     Christian Wennberg            Maarten Wolf              Artem Zhmurov       
                           and the project leaders:
        Mark Abraham, Berk Hess, Erik Lindahl, and David van der Spoel

Copyright (c) 1991-2000, University of Groningen, The Netherlands.
Copyright (c) 2001-2019, The GROMACS development team at
Uppsala University, Stockholm University and
the Royal Institute of Technology, Sweden.
check out http://www.gromacs.org for more information.

GROMACS is free software; you can redistribute it and/or modify it
under the terms of the GNU Lesser General Public License
as published by the Free Software Foundation; either version 2.1
of the License, or (at your option) any later version.

GROMACS:      gmx mdrun, version 2021.4-Ubuntu-2021.4-2
Executable:   /usr/bin/gmx
Data prefix:  /usr
Working dir:  /mnt/c/users/user/Desktop/4ey6 Simulation
Process ID:   516
Command line:
  gmx mdrun -deffnm npt -v -cpi

GROMACS version:    2021.4-Ubuntu-2021.4-2
Precision:          mixed
Memory model:       64 bit
MPI library:        thread_mpi
OpenMP support:     enabled (GMX_OPENMP_MAX_THREADS = 64)
GPU support:        disabled
SIMD instructions:  SSE4.1
FFT library:        fftw-3.3.8-sse2-avx
RDTSCP usage:       enabled
TNG support:        enabled
Hwloc support:      hwloc-2.5.0
Tracing support:    disabled
C compiler:         /usr/bin/cc GNU 11.2.0
C compiler flags:   -msse4.1 -Wno-missing-field-initializers -fexcess-precision=fast -funroll-all-loops -O3 -DNDEBUG
C++ compiler:       /usr/bin/c++ GNU 11.2.0
C++ compiler flags: -msse4.1 -Wno-missing-field-initializers -fexcess-precision=fast -funroll-all-loops -fopenmp -O3 -DNDEBUG


Running on 1 node with total 2 cores, 4 logical cores
Hardware detected:
  CPU info:
    Vendor: Intel
    Brand:  Intel(R) Core(TM) i5-4330M CPU @ 2.80GHz
    Family: 6   Model: 60   Stepping: 3
    Features: aes apic avx avx2 clfsh cmov cx8 cx16 f16c fma htt intel lahf mmx msr pcid pclmuldq pdcm pdpe1gb popcnt pse rdrnd rdtscp sse2 sse3 sse4.1 sse4.2 ssse3
  Hardware topology: Full, with devices
    Sockets, cores, and logical processors:
      Socket  0: [   0   1] [   2   3]
    Numa nodes:
      Node  0 (4065198080 bytes mem):   0   1   2   3
      Latency:
               0
         0  1.00
    Caches:
      L1: 32768 bytes, linesize 64 bytes, assoc. 8, shared 2 ways
      L2: 262144 bytes, linesize 64 bytes, assoc. 8, shared 2 ways
      L3: 3145728 bytes, linesize 64 bytes, assoc. 12, shared 4 ways
    PCI devices:
      b657:00:00.0  Id: 1af4:1043  Class: 0x0100  Numa: 0

Highest SIMD level supported by all nodes in run: AVX2_256
SIMD instructions selected at compile time:       SSE4.1
This program was compiled for different hardware than you are running on,
which could influence performance.

++++ PLEASE READ AND CITE THE FOLLOWING REFERENCE ++++
M. J. Abraham, T. Murtola, R. Schulz, S. Páll, J. C. Smith, B. Hess, E.
Lindahl
GROMACS: High performance molecular simulations through multi-level
parallelism from laptops to supercomputers
SoftwareX 1 (2015) pp. 19-25
-------- -------- --- Thank You --- -------- --------


++++ PLEASE READ AND CITE THE FOLLOWING REFERENCE ++++
S. Páll, M. J. Abraham, C. Kutzner, B. Hess, E. Lindahl
Tackling Exascale Software Challenges in Molecular Dynamics Simulations with
GROMACS
In S. Markidis & E. Laure (Eds.), Solving Software Challenges for Exascale 8759 (2015) pp. 3-27
-------- -------- --- Thank You --- -------- --------


++++ PLEASE READ AND CITE THE FOLLOWING REFERENCE ++++
S. Pronk, S. Páll, R. Schulz, P. Larsson, P. Bjelkmar, R. Apostolov, M. R.
Shirts, J. C. Smith, P. M. Kasson, D. van der Spoel, B. Hess, and E. Lindahl
GROMACS 4.5: a high-throughput and highly parallel open source molecular
simulation toolkit
Bioinformatics 29 (2013) pp. 845-54
-------- -------- --- Thank You --- -------- --------


++++ PLEASE READ AND CITE THE FOLLOWING REFERENCE ++++
B. Hess and C. Kutzner and D. van der Spoel and E. Lindahl
GROMACS 4: Algorithms for highly efficient, load-balanced, and scalable
molecular simulation
J. Chem. Theory Comput. 4 (2008) pp. 435-447
-------- -------- --- Thank You --- -------- --------


++++ PLEASE READ AND CITE THE FOLLOWING REFERENCE ++++
D. van der Spoel, E. Lindahl, B. Hess, G. Groenhof, A. E. Mark and H. J. C.
Berendsen
GROMACS: Fast, Flexible and Free
J. Comp. Chem. 26 (2005) pp. 1701-1719
-------- -------- --- Thank You --- -------- --------


++++ PLEASE READ AND CITE THE FOLLOWING REFERENCE ++++
E. Lindahl and B. Hess and D. van der Spoel
GROMACS 3.0: A package for molecular simulation and trajectory analysis
J. Mol. Mod. 7 (2001) pp. 306-317
-------- -------- --- Thank You --- -------- --------


++++ PLEASE READ AND CITE THE FOLLOWING REFERENCE ++++
H. J. C. Berendsen, D. van der Spoel and R. van Drunen
GROMACS: A message-passing parallel molecular dynamics implementation
Comp. Phys. Comm. 91 (1995) pp. 43-56
-------- -------- --- Thank You --- -------- --------

Input Parameters:
   integrator                     = md
   tinit                          = 0
   dt                             = 0.002
   nsteps                         = 50000
   init-step                      = 0
   simulation-part                = 1
   mts                            = false
   comm-mode                      = Linear
   nstcomm                        = 100
   bd-fric                        = 0
   ld-seed                        = -1081164035
   emtol                          = 10
   emstep                         = 0.01
   niter                          = 20
   fcstep                         = 0
   nstcgsteep                     = 1000
   nbfgscorr                      = 10
   rtpi                           = 0.05
   nstxout                        = 500
   nstvout                        = 500
   nstfout                        = 0
   nstlog                         = 500
   nstcalcenergy                  = 100
   nstenergy                      = 500
   nstxout-compressed             = 0
   compressed-x-precision         = 1000
   cutoff-scheme                  = Verlet
   nstlist                        = 10
   pbc                            = xyz
   periodic-molecules             = false
   verlet-buffer-tolerance        = 0.005
   rlist                          = 1
   coulombtype                    = PME
   coulomb-modifier               = Potential-shift
   rcoulomb-switch                = 0
   rcoulomb                       = 1
   epsilon-r                      = 1
   epsilon-rf                     = inf
   vdw-type                       = Cut-off
   vdw-modifier                   = Potential-shift
   rvdw-switch                    = 0
   rvdw                           = 1
   DispCorr                       = EnerPres
   table-extension                = 1
   fourierspacing                 = 0.16
   fourier-nx                     = 64
   fourier-ny                     = 64
   fourier-nz                     = 64
   pme-order                      = 4
   ewald-rtol                     = 1e-05
   ewald-rtol-lj                  = 0.001
   lj-pme-comb-rule               = Geometric
   ewald-geometry                 = 0
   epsilon-surface                = 0
   tcoupl                         = V-rescale
   nsttcouple                     = 10
   nh-chain-length                = 0
   print-nose-hoover-chain-variables = false
   pcoupl                         = Parrinello-Rahman
   pcoupltype                     = Isotropic
   nstpcouple                     = 10
   tau-p                          = 2
   compressibility (3x3):
      compressibility[    0]={ 4.50000e-05,  0.00000e+00,  0.00000e+00}
      compressibility[    1]={ 0.00000e+00,  4.50000e-05,  0.00000e+00}
      compressibility[    2]={ 0.00000e+00,  0.00000e+00,  4.50000e-05}
   ref-p (3x3):
      ref-p[    0]={ 1.00000e+00,  0.00000e+00,  0.00000e+00}
      ref-p[    1]={ 0.00000e+00,  1.00000e+00,  0.00000e+00}
      ref-p[    2]={ 0.00000e+00,  0.00000e+00,  1.00000e+00}
   refcoord-scaling               = COM
   posres-com (3):
      posres-com[0]= 4.99269e-01
      posres-com[1]= 4.99836e-01
      posres-com[2]= 4.99900e-01
   posres-comB (3):
      posres-comB[0]= 4.99269e-01
      posres-comB[1]= 4.99836e-01
      posres-comB[2]= 4.99900e-01
   QMMM                           = false
qm-opts:
   ngQM                           = 0
   constraint-algorithm           = Lincs
   continuation                   = true
   Shake-SOR                      = false
   shake-tol                      = 0.0001
   lincs-order                    = 4
   lincs-iter                     = 1
   lincs-warnangle                = 30
   nwall                          = 0
   wall-type                      = 9-3
   wall-r-linpot                  = -1
   wall-atomtype[0]               = -1
   wall-atomtype[1]               = -1
   wall-density[0]                = 0
   wall-density[1]                = 0
   wall-ewald-zfac                = 3
   pull                           = false
   awh                            = false
   rotation                       = false
   interactiveMD                  = false
   disre                          = No
   disre-weighting                = Conservative
   disre-mixed                    = false
   dr-fc                          = 1000
   dr-tau                         = 0
   nstdisreout                    = 100
   orire-fc                       = 0
   orire-tau                      = 0
   nstorireout                    = 100
   free-energy                    = no
   cos-acceleration               = 0
   deform (3x3):
      deform[    0]={ 0.00000e+00,  0.00000e+00,  0.00000e+00}
      deform[    1]={ 0.00000e+00,  0.00000e+00,  0.00000e+00}
      deform[    2]={ 0.00000e+00,  0.00000e+00,  0.00000e+00}
   simulated-tempering            = false
   swapcoords                     = no
   userint1                       = 0
   userint2                       = 0
   userint3                       = 0
   userint4                       = 0
   userreal1                      = 0
   userreal2                      = 0
   userreal3                      = 0
   userreal4                      = 0
   applied-forces:
     electric-field:
       x:
         E0                       = 0
         omega                    = 0
         t0                       = 0
         sigma                    = 0
       y:
         E0                       = 0
         omega                    = 0
         t0                       = 0
         sigma                    = 0
       z:
         E0                       = 0
         omega                    = 0
         t0                       = 0
         sigma                    = 0
     density-guided-simulation:
       active                     = false
       group                      = protein
       similarity-measure         = inner-product
       atom-spreading-weight      = unity
       force-constant             = 1e+09
       gaussian-transform-spreading-width = 0.2
       gaussian-transform-spreading-range-in-multiples-of-width = 4
       reference-density-filename = reference.mrc
       nst                        = 1
       normalize-densities        = true
       adaptive-force-scaling     = false
       adaptive-force-scaling-time-constant = 4
       shift-vector               = 
       transformation-matrix      = 
grpopts:
   nrdf:     20422.7      168927
   ref-t:         300         300
   tau-t:         0.1         0.1
annealing:          No          No
annealing-npoints:           0           0
   acc:	           0           0           0
   nfreeze:           N           N           N
   energygrp-flags[  0]: 0

Changing nstlist from 10 to 50, rlist from 1 to 1.113

Using 1 MPI thread
Using 4 OpenMP threads 

Pinning threads with an auto-selected logical core stride of 1
System total charge: -0.000
Will do PME sum in reciprocal space for electrostatic interactions.

++++ PLEASE READ AND CITE THE FOLLOWING REFERENCE ++++
U. Essmann, L. Perera, M. L. Berkowitz, T. Darden, H. Lee and L. G. Pedersen 
A smooth particle mesh Ewald method
J. Chem. Phys. 103 (1995) pp. 8577-8592
-------- -------- --- Thank You --- -------- --------

Using a Gaussian width (1/beta) of 0.320163 nm for Ewald
Potential shift: LJ r^-12: -1.000e+00 r^-6: -1.000e+00, Ewald -1.000e-05
Initialized non-bonded Ewald tables, spacing: 9.33e-04 size: 1073

Generated table with 1056 data points for 1-4 COUL.
Tabscale = 500 points/nm
Generated table with 1056 data points for 1-4 LJ6.
Tabscale = 500 points/nm
Generated table with 1056 data points for 1-4 LJ12.
Tabscale = 500 points/nm
Long Range LJ corr.: <C6> 3.3271e-04


Using SIMD 4x4 nonbonded short-range kernels

Using a dual 4x4 pair-list setup updated with dynamic pruning:
  outer list: updated every 50 steps, buffer 0.113 nm, rlist 1.113 nm
  inner list: updated every 12 steps, buffer 0.001 nm, rlist 1.001 nm
At tolerance 0.005 kJ/mol/ps per atom, equivalent classical 1x1 list would be:
  outer list: updated every 50 steps, buffer 0.242 nm, rlist 1.242 nm
  inner list: updated every 12 steps, buffer 0.046 nm, rlist 1.046 nm

Using geometric Lennard-Jones combination rule

Initializing LINear Constraint Solver

++++ PLEASE READ AND CITE THE FOLLOWING REFERENCE ++++
B. Hess and H. Bekker and H. J. C. Berendsen and J. G. E. M. Fraaije
LINCS: A Linear Constraint Solver for molecular simulations
J. Comp. Chem. 18 (1997) pp. 1463-1472
-------- -------- --- Thank You --- -------- --------

The number of constraints is 4015

++++ PLEASE READ AND CITE THE FOLLOWING REFERENCE ++++
S. Miyamoto and P. A. Kollman
SETTLE: An Analytical Version of the SHAKE and RATTLE Algorithms for Rigid
Water Models
J. Comp. Chem. 13 (1992) pp. 952-962
-------- -------- --- Thank You --- -------- --------


++++ PLEASE READ AND CITE THE FOLLOWING REFERENCE ++++
G. Bussi, D. Donadio and M. Parrinello
Canonical sampling through velocity rescaling
J. Chem. Phys. 126 (2007) pp. 014101
-------- -------- --- Thank You --- -------- --------

There are: 92607 Atoms
Center of mass motion removal mode is Linear
We have the following groups for center of mass motion removal:
  0:  rest

Started mdrun on rank 0 Sat Jul 20 19:38:01 2024

           Step           Time
              0        0.00000

   Energies (kJ/mol)
           Bond          Angle    Proper Dih. Ryckaert-Bell.          LJ-14
    6.14855e+03    1.62029e+04    1.01893e+03    8.69060e+03    1.12031e+04
     Coulomb-14        LJ (SR)  Disper. corr.   Coulomb (SR)   Coul. recip.
    3.96742e+04    2.35689e+05   -1.27761e+04   -1.71706e+06    8.36703e+03
 Position Rest.      Potential    Kinetic En.   Total Energy  Conserved En.
    5.14827e-01   -1.40284e+06    2.33884e+05   -1.16895e+06   -1.16890e+06
    Temperature Pres. DC (bar) Pressure (bar)   Constr. rmsd
    2.97120e+02   -2.27326e+02   -3.24921e+02    3.21105e-06

           Step           Time
            500        1.00000

   Energies (kJ/mol)
           Bond          Angle    Proper Dih. Ryckaert-Bell.          LJ-14
    6.10832e+03    1.65547e+04    9.93580e+02    8.83345e+03    1.11003e+04
     Coulomb-14        LJ (SR)  Disper. corr.   Coulomb (SR)   Coul. recip.
    3.94614e+04    2.42197e+05   -1.30358e+04   -1.72821e+06    8.07217e+03
 Position Rest.      Potential    Kinetic En.   Total Energy  Conserved En.
    1.71444e+03   -1.40621e+06    2.37382e+05   -1.16883e+06   -1.16890e+06
    Temperature Pres. DC (bar) Pressure (bar)   Constr. rmsd
    3.01563e+02   -2.36653e+02    7.45936e+01    3.26570e-06

           Step           Time
           1000        2.00000

   Energies (kJ/mol)
           Bond          Angle    Proper Dih. Ryckaert-Bell.          LJ-14
    6.04117e+03    1.66031e+04    1.03173e+03    8.60173e+03    1.11242e+04
     Coulomb-14        LJ (SR)  Disper. corr.   Coulomb (SR)   Coul. recip.
    3.94728e+04    2.40196e+05   -1.30580e+04   -1.72683e+06    8.09427e+03
 Position Rest.      Potential    Kinetic En.   Total Energy  Conserved En.
    1.68574e+03   -1.40704e+06    2.34730e+05   -1.17231e+06   -1.16884e+06
    Temperature Pres. DC (bar) Pressure (bar)   Constr. rmsd
    2.98194e+02   -2.37458e+02    1.16189e+01    3.05014e-06

           Step           Time
           1500        3.00000

   Energies (kJ/mol)
           Bond          Angle    Proper Dih. Ryckaert-Bell.          LJ-14
    6.09498e+03    1.62418e+04    1.01557e+03    8.60271e+03    1.10445e+04
     Coulomb-14        LJ (SR)  Disper. corr.   Coulomb (SR)   Coul. recip.
    3.95540e+04    2.41158e+05   -1.30568e+04   -1.72646e+06    8.22546e+03
 Position Rest.      Potential    Kinetic En.   Total Energy  Conserved En.
    1.81411e+03   -1.40576e+06    2.34935e+05   -1.17083e+06   -1.16888e+06
    Temperature Pres. DC (bar) Pressure (bar)   Constr. rmsd
    2.98454e+02   -2.37413e+02   -8.65526e+00    3.24370e-06

           Step           Time
           2000        4.00000

   Energies (kJ/mol)
           Bond          Angle    Proper Dih. Ryckaert-Bell.          LJ-14
    5.92492e+03    1.62056e+04    1.05769e+03    8.58945e+03    1.13095e+04
     Coulomb-14        LJ (SR)  Disper. corr.   Coulomb (SR)   Coul. recip.
    3.95723e+04    2.39060e+05   -1.30525e+04   -1.72366e+06    8.25249e+03
 Position Rest.      Potential    Kinetic En.   Total Energy  Conserved En.
    1.73058e+03   -1.40501e+06    2.34820e+05   -1.17019e+06   -1.16887e+06
    Temperature Pres. DC (bar) Pressure (bar)   Constr. rmsd
    2.98308e+02   -2.37259e+02    3.56760e+01    3.23815e-06

           Step           Time
           2500        5.00000

   Energies (kJ/mol)
           Bond          Angle    Proper Dih. Ryckaert-Bell.          LJ-14
    5.94578e+03    1.66635e+04    1.01979e+03    8.79144e+03    1.11614e+04
     Coulomb-14        LJ (SR)  Disper. corr.   Coulomb (SR)   Coul. recip.
    3.96794e+04    2.39009e+05   -1.30033e+04   -1.72430e+06    8.11444e+03
 Position Rest.      Potential    Kinetic En.   Total Energy  Conserved En.
    1.77605e+03   -1.40514e+06    2.36118e+05   -1.16903e+06   -1.16886e+06
    Temperature Pres. DC (bar) Pressure (bar)   Constr. rmsd
    2.99957e+02   -2.35473e+02   -6.38284e+01    3.15711e-06

           Step           Time
           3000        6.00000

   Energies (kJ/mol)
           Bond          Angle    Proper Dih. Ryckaert-Bell.          LJ-14
    6.01499e+03    1.60845e+04    1.01553e+03    8.62873e+03    1.11843e+04
     Coulomb-14        LJ (SR)  Disper. corr.   Coulomb (SR)   Coul. recip.
    3.96254e+04    2.42148e+05   -1.30511e+04   -1.72869e+06    8.21838e+03
 Position Rest.      Potential    Kinetic En.   Total Energy  Conserved En.
    1.89850e+03   -1.40692e+06    2.37412e+05   -1.16951e+06   -1.16889e+06
    Temperature Pres. DC (bar) Pressure (bar)   Constr. rmsd
    3.01601e+02   -2.37208e+02    1.47990e+02    3.36263e-06

           Step           Time
           3500        7.00000

   Energies (kJ/mol)
           Bond          Angle    Proper Dih. Ryckaert-Bell.          LJ-14
    6.02314e+03    1.64417e+04    9.71073e+02    8.77165e+03    1.12418e+04
     Coulomb-14        LJ (SR)  Disper. corr.   Coulomb (SR)   Coul. recip.
    3.96770e+04    2.36932e+05   -1.30166e+04   -1.72328e+06    8.19840e+03
 Position Rest.      Potential    Kinetic En.   Total Energy  Conserved En.
    1.76002e+03   -1.40628e+06    2.35092e+05   -1.17119e+06   -1.16885e+06
    Temperature Pres. DC (bar) Pressure (bar)   Constr. rmsd
    2.98654e+02   -2.35955e+02   -1.66138e+02    3.16288e-06

           Step           Time
           4000        8.00000

   Energies (kJ/mol)
           Bond          Angle    Proper Dih. Ryckaert-Bell.          LJ-14
    5.71721e+03    1.62337e+04    9.52845e+02    8.66036e+03    1.11840e+04
     Coulomb-14        LJ (SR)  Disper. corr.   Coulomb (SR)   Coul. recip.
    3.97278e+04    2.41724e+05   -1.30714e+04   -1.73043e+06    8.01827e+03
 Position Rest.      Potential    Kinetic En.   Total Energy  Conserved En.
    1.83564e+03   -1.40944e+06    2.36878e+05   -1.17257e+06   -1.16891e+06
    Temperature Pres. DC (bar) Pressure (bar)   Constr. rmsd
    3.00923e+02   -2.37943e+02    1.69091e+02    3.29973e-06

           Step           Time
           4500        9.00000

   Energies (kJ/mol)
           Bond          Angle    Proper Dih. Ryckaert-Bell.          LJ-14
    6.04998e+03    1.60451e+04    9.28303e+02    8.53527e+03    1.12094e+04
     Coulomb-14        LJ (SR)  Disper. corr.   Coulomb (SR)   Coul. recip.
    3.97071e+04    2.40064e+05   -1.30647e+04   -1.72719e+06    8.22505e+03
 Position Rest.      Potential    Kinetic En.   Total Energy  Conserved En.
    1.77153e+03   -1.40772e+06    2.36108e+05   -1.17161e+06   -1.16889e+06
    Temperature Pres. DC (bar) Pressure (bar)   Constr. rmsd
    2.99945e+02   -2.37700e+02    4.49968e+01    3.31162e-06

           Step           Time
           5000       10.00000

   Energies (kJ/mol)
           Bond          Angle    Proper Dih. Ryckaert-Bell.          LJ-14
    6.30752e+03    1.63012e+04    9.60535e+02    8.49968e+03    1.10669e+04
     Coulomb-14        LJ (SR)  Disper. corr.   Coulomb (SR)   Coul. recip.
    3.96254e+04    2.39452e+05   -1.30562e+04   -1.72589e+06    8.04693e+03
 Position Rest.      Potential    Kinetic En.   Total Energy  Conserved En.
    1.77341e+03   -1.40692e+06    2.35071e+05   -1.17184e+06   -1.16886e+06
    Temperature Pres. DC (bar) Pressure (bar)   Constr. rmsd
    2.98628e+02   -2.37391e+02   -4.92616e+01    3.09794e-06

           Step           Time
           5500       11.00000

   Energies (kJ/mol)
           Bond          Angle    Proper Dih. Ryckaert-Bell.          LJ-14
    6.28957e+03    1.63651e+04    1.00770e+03    8.63718e+03    1.10819e+04
     Coulomb-14        LJ (SR)  Disper. corr.   Coulomb (SR)   Coul. recip.
    3.94206e+04    2.41848e+05   -1.30670e+04   -1.72695e+06    8.15099e+03
 Position Rest.      Potential    Kinetic En.   Total Energy  Conserved En.
    1.80247e+03   -1.40541e+06    2.36866e+05   -1.16855e+06   -1.16886e+06
    Temperature Pres. DC (bar) Pressure (bar)   Constr. rmsd
    3.00908e+02   -2.37782e+02    6.77253e+01    3.30498e-06

           Step           Time
           6000       12.00000

   Energies (kJ/mol)
           Bond          Angle    Proper Dih. Ryckaert-Bell.          LJ-14
    6.11240e+03    1.63160e+04    9.38316e+02    8.51002e+03    1.12426e+04
     Coulomb-14        LJ (SR)  Disper. corr.   Coulomb (SR)   Coul. recip.
    3.94892e+04    2.37980e+05   -1.30404e+04   -1.72417e+06    8.14376e+03
 Position Rest.      Potential    Kinetic En.   Total Energy  Conserved En.
    1.75853e+03   -1.40672e+06    2.37048e+05   -1.16967e+06   -1.16889e+06
    Temperature Pres. DC (bar) Pressure (bar)   Constr. rmsd
    3.01139e+02   -2.36820e+02   -2.14632e+01    3.17032e-06

           Step           Time
           6500       13.00000

   Energies (kJ/mol)
           Bond          Angle    Proper Dih. Ryckaert-Bell.          LJ-14
    6.02668e+03    1.64238e+04    9.27771e+02    8.48689e+03    1.12085e+04
     Coulomb-14        LJ (SR)  Disper. corr.   Coulomb (SR)   Coul. recip.
    3.94731e+04    2.40712e+05   -1.30746e+04   -1.72744e+06    8.10017e+03
 Position Rest.      Potential    Kinetic En.   Total Energy  Conserved En.
    1.78269e+03   -1.40738e+06    2.35463e+05   -1.17191e+06   -1.16883e+06
    Temperature Pres. DC (bar) Pressure (bar)   Constr. rmsd
    2.99126e+02   -2.38059e+02    6.02007e+01    3.13549e-06

           Step           Time
           7000       14.00000

   Energies (kJ/mol)
           Bond          Angle    Proper Dih. Ryckaert-Bell.          LJ-14
    6.05039e+03    1.61591e+04    9.55986e+02    8.52503e+03    1.12398e+04
     Coulomb-14        LJ (SR)  Disper. corr.   Coulomb (SR)   Coul. recip.
    3.95860e+04    2.41644e+05   -1.30860e+04   -1.72886e+06    8.20863e+03
 Position Rest.      Potential    Kinetic En.   Total Energy  Conserved En.
    1.79038e+03   -1.40779e+06    2.35325e+05   -1.17247e+06   -1.16885e+06
    Temperature Pres. DC (bar) Pressure (bar)   Constr. rmsd
    2.98950e+02   -2.38475e+02    5.71519e+01    3.37493e-06

           Step           Time
           7500       15.00000

   Energies (kJ/mol)
           Bond          Angle    Proper Dih. Ryckaert-Bell.          LJ-14
    6.24288e+03    1.63094e+04    9.90922e+02    8.58899e+03    1.13317e+04
     Coulomb-14        LJ (SR)  Disper. corr.   Coulomb (SR)   Coul. recip.
    3.97154e+04    2.39173e+05   -1.30648e+04   -1.72482e+06    8.21310e+03
 Position Rest.      Potential    Kinetic En.   Total Energy  Conserved En.
    1.90261e+03   -1.40542e+06    2.37108e+05   -1.16831e+06   -1.16887e+06
    Temperature Pres. DC (bar) Pressure (bar)   Constr. rmsd
    3.01215e+02   -2.37702e+02    5.60942e+01    3.23729e-06

           Step           Time
           8000       16.00000

   Energies (kJ/mol)
           Bond          Angle    Proper Dih. Ryckaert-Bell.          LJ-14
    6.23078e+03    1.63201e+04    1.03616e+03    8.57228e+03    1.11606e+04
     Coulomb-14        LJ (SR)  Disper. corr.   Coulomb (SR)   Coul. recip.
    3.95730e+04    2.40344e+05   -1.30559e+04   -1.72696e+06    8.32108e+03
 Position Rest.      Potential    Kinetic En.   Total Energy  Conserved En.
    1.80626e+03   -1.40665e+06    2.34973e+05   -1.17168e+06   -1.16881e+06
    Temperature Pres. DC (bar) Pressure (bar)   Constr. rmsd
    2.98503e+02   -2.37382e+02    2.09849e+01    3.22710e-06

           Step           Time
           8500       17.00000

   Energies (kJ/mol)
           Bond          Angle    Proper Dih. Ryckaert-Bell.          LJ-14
    6.31810e+03    1.63397e+04    1.03038e+03    8.59387e+03    1.10560e+04
     Coulomb-14        LJ (SR)  Disper. corr.   Coulomb (SR)   Coul. recip.
    3.94861e+04    2.40207e+05   -1.30900e+04   -1.72719e+06    8.30464e+03
 Position Rest.      Potential    Kinetic En.   Total Energy  Conserved En.
    1.91278e+03   -1.40704e+06    2.37196e+05   -1.16984e+06   -1.16884e+06
    Temperature Pres. DC (bar) Pressure (bar)   Constr. rmsd
    3.01327e+02   -2.38622e+02    2.50078e+01    3.26178e-06

           Step           Time
           9000       18.00000

   Energies (kJ/mol)
           Bond          Angle    Proper Dih. Ryckaert-Bell.          LJ-14
    6.14578e+03    1.60927e+04    9.63173e+02    8.53857e+03    1.11619e+04
     Coulomb-14        LJ (SR)  Disper. corr.   Coulomb (SR)   Coul. recip.
    3.94572e+04    2.39845e+05   -1.30825e+04   -1.72694e+06    8.12625e+03
 Position Rest.      Potential    Kinetic En.   Total Energy  Conserved En.
    1.90194e+03   -1.40779e+06    2.35623e+05   -1.17217e+06   -1.16886e+06
    Temperature Pres. DC (bar) Pressure (bar)   Constr. rmsd
    2.99329e+02   -2.38346e+02   -5.46545e+01    3.14559e-06

           Step           Time
           9500       19.00000

   Energies (kJ/mol)
           Bond          Angle    Proper Dih. Ryckaert-Bell.          LJ-14
    6.18738e+03    1.61294e+04    1.01650e+03    8.42884e+03    1.11764e+04
     Coulomb-14        LJ (SR)  Disper. corr.   Coulomb (SR)   Coul. recip.
    3.96143e+04    2.39412e+05   -1.30875e+04   -1.72503e+06    8.06713e+03
 Position Rest.      Potential    Kinetic En.   Total Energy  Conserved En.
    1.91109e+03   -1.40618e+06    2.34584e+05   -1.17159e+06   -1.16883e+06
    Temperature Pres. DC (bar) Pressure (bar)   Constr. rmsd
    2.98008e+02   -2.38529e+02   -6.38288e+01    3.29121e-06

Writing checkpoint, step 9750 at Sat Jul 20 19:53:04 2024


           Step           Time
          10000       20.00000

   Energies (kJ/mol)
           Bond          Angle    Proper Dih. Ryckaert-Bell.          LJ-14
    6.28341e+03    1.63949e+04    9.44930e+02    8.65744e+03    1.11064e+04
     Coulomb-14        LJ (SR)  Disper. corr.   Coulomb (SR)   Coul. recip.
    3.96653e+04    2.40632e+05   -1.30912e+04   -1.72947e+06    7.98795e+03
 Position Rest.      Potential    Kinetic En.   Total Energy  Conserved En.
    1.90016e+03   -1.40899e+06    2.35962e+05   -1.17303e+06   -1.16883e+06
    Temperature Pres. DC (bar) Pressure (bar)   Constr. rmsd
    2.99759e+02   -2.38664e+02    2.16721e+00    3.15198e-06

           Step           Time
          10500       21.00000

   Energies (kJ/mol)
           Bond          Angle    Proper Dih. Ryckaert-Bell.          LJ-14
    5.87358e+03    1.66759e+04    1.02862e+03    8.73289e+03    1.11076e+04
     Coulomb-14        LJ (SR)  Disper. corr.   Coulomb (SR)   Coul. recip.
    3.95978e+04    2.41424e+05   -1.30253e+04   -1.72738e+06    8.15015e+03
 Position Rest.      Potential    Kinetic En.   Total Energy  Conserved En.
    1.79018e+03   -1.40603e+06    2.36923e+05   -1.16911e+06   -1.16885e+06
    Temperature Pres. DC (bar) Pressure (bar)   Constr. rmsd
    3.00980e+02   -2.36272e+02    9.83226e+01    3.16953e-06

           Step           Time
          11000       22.00000

   Energies (kJ/mol)
           Bond          Angle    Proper Dih. Ryckaert-Bell.          LJ-14
    6.15939e+03    1.66689e+04    1.01921e+03    8.44302e+03    1.11846e+04
     Coulomb-14        LJ (SR)  Disper. corr.   Coulomb (SR)   Coul. recip.
    3.95163e+04    2.42147e+05   -1.30766e+04   -1.72916e+06    8.07773e+03
 Position Rest.      Potential    Kinetic En.   Total Energy  Conserved En.
    1.84694e+03   -1.40718e+06    2.38046e+05   -1.16913e+06   -1.16883e+06
    Temperature Pres. DC (bar) Pressure (bar)   Constr. rmsd
    3.02407e+02   -2.38131e+02    1.13296e+02    3.26874e-06

           Step           Time
          11500       23.00000

   Energies (kJ/mol)
           Bond          Angle    Proper Dih. Ryckaert-Bell.          LJ-14
    6.04175e+03    1.65952e+04    1.01901e+03    8.52918e+03    1.11121e+04
     Coulomb-14        LJ (SR)  Disper. corr.   Coulomb (SR)   Coul. recip.
    3.93588e+04    2.38605e+05   -1.30399e+04   -1.72330e+06    8.14304e+03
 Position Rest.      Potential    Kinetic En.   Total Energy  Conserved En.
    1.76043e+03   -1.40517e+06    2.35360e+05   -1.16981e+06   -1.16883e+06
    Temperature Pres. DC (bar) Pressure (bar)   Constr. rmsd
    2.98994e+02   -2.36802e+02   -9.98521e+01    3.14465e-06

           Step           Time
          12000       24.00000

   Energies (kJ/mol)
           Bond          Angle    Proper Dih. Ryckaert-Bell.          LJ-14
    5.84338e+03    1.61829e+04    9.85581e+02    8.63065e+03    1.13107e+04
     Coulomb-14        LJ (SR)  Disper. corr.   Coulomb (SR)   Coul. recip.
    3.96450e+04    2.40783e+05   -1.30699e+04   -1.72965e+06    8.16243e+03
 Position Rest.      Potential    Kinetic En.   Total Energy  Conserved En.
    1.88935e+03   -1.40928e+06    2.34569e+05   -1.17471e+06   -1.16882e+06
    Temperature Pres. DC (bar) Pressure (bar)   Constr. rmsd
    2.97989e+02   -2.37889e+02    1.64416e+02    3.03960e-06

           Step           Time
          12500       25.00000

   Energies (kJ/mol)
           Bond          Angle    Proper Dih. Ryckaert-Bell.          LJ-14
    6.07458e+03    1.65123e+04    1.04883e+03    8.65272e+03    1.11915e+04
     Coulomb-14        LJ (SR)  Disper. corr.   Coulomb (SR)   Coul. recip.
    3.96630e+04    2.39141e+05   -1.30531e+04   -1.72650e+06    8.08789e+03
 Position Rest.      Potential    Kinetic En.   Total Energy  Conserved En.
    1.77836e+03   -1.40740e+06    2.37091e+05   -1.17031e+06   -1.16883e+06
    Temperature Pres. DC (bar) Pressure (bar)   Constr. rmsd
    3.01193e+02   -2.37278e+02    6.25643e+00    3.31263e-06

           Step           Time
          13000       26.00000

   Energies (kJ/mol)
           Bond          Angle    Proper Dih. Ryckaert-Bell.          LJ-14
    6.16345e+03    1.63921e+04    9.71726e+02    8.57007e+03    1.12741e+04
     Coulomb-14        LJ (SR)  Disper. corr.   Coulomb (SR)   Coul. recip.
    3.94117e+04    2.38561e+05   -1.30508e+04   -1.72416e+06    8.12187e+03
 Position Rest.      Potential    Kinetic En.   Total Energy  Conserved En.
    1.83329e+03   -1.40592e+06    2.35421e+05   -1.17050e+06   -1.16883e+06
    Temperature Pres. DC (bar) Pressure (bar)   Constr. rmsd
    2.99072e+02   -2.37195e+02   -4.50466e+01    3.13635e-06

           Step           Time
          13500       27.00000

   Energies (kJ/mol)
           Bond          Angle    Proper Dih. Ryckaert-Bell.          LJ-14
    6.10505e+03    1.60682e+04    1.03609e+03    8.68808e+03    1.11525e+04
     Coulomb-14        LJ (SR)  Disper. corr.   Coulomb (SR)   Coul. recip.
    3.95566e+04    2.39349e+05   -1.30358e+04   -1.72601e+06    8.01287e+03
 Position Rest.      Potential    Kinetic En.   Total Energy  Conserved En.
    1.79625e+03   -1.40728e+06    2.35470e+05   -1.17181e+06   -1.16884e+06
    Temperature Pres. DC (bar) Pressure (bar)   Constr. rmsd
    2.99134e+02   -2.36650e+02   -1.08111e+02    3.09280e-06

           Step           Time
          14000       28.00000

   Energies (kJ/mol)
           Bond          Angle    Proper Dih. Ryckaert-Bell.          LJ-14
    6.13980e+03    1.63794e+04    1.01295e+03    8.60953e+03    1.11948e+04
     Coulomb-14        LJ (SR)  Disper. corr.   Coulomb (SR)   Coul. recip.
    3.96488e+04    2.40874e+05   -1.30591e+04   -1.72813e+06    8.18187e+03
 Position Rest.      Potential    Kinetic En.   Total Energy  Conserved En.
    1.83537e+03   -1.40732e+06    2.36784e+05   -1.17053e+06   -1.16881e+06
    Temperature Pres. DC (bar) Pressure (bar)   Constr. rmsd
    3.00803e+02   -2.37497e+02    2.09955e+00    3.13222e-06

           Step           Time
          14500       29.00000

   Energies (kJ/mol)
           Bond          Angle    Proper Dih. Ryckaert-Bell.          LJ-14
    6.12218e+03    1.61905e+04    9.66346e+02    8.65248e+03    1.12395e+04
     Coulomb-14        LJ (SR)  Disper. corr.   Coulomb (SR)   Coul. recip.
    3.96210e+04    2.39747e+05   -1.30916e+04   -1.72741e+06    8.11262e+03
 Position Rest.      Potential    Kinetic En.   Total Energy  Conserved En.
    1.84167e+03   -1.40800e+06    2.35668e+05   -1.17234e+06   -1.16884e+06
    Temperature Pres. DC (bar) Pressure (bar)   Constr. rmsd
    2.99386e+02   -2.38679e+02   -3.88112e+01    3.25973e-06

           Step           Time
          15000       30.00000

   Energies (kJ/mol)
           Bond          Angle    Proper Dih. Ryckaert-Bell.          LJ-14
    6.01694e+03    1.65523e+04    1.04913e+03    8.59435e+03    1.10612e+04
     Coulomb-14        LJ (SR)  Disper. corr.   Coulomb (SR)   Coul. recip.
    3.94901e+04    2.38717e+05   -1.30536e+04   -1.72552e+06    8.09774e+03
 Position Rest.      Potential    Kinetic En.   Total Energy  Conserved En.
    1.87927e+03   -1.40711e+06    2.36801e+05   -1.17031e+06   -1.16882e+06
    Temperature Pres. DC (bar) Pressure (bar)   Constr. rmsd
    3.00825e+02   -2.37298e+02   -1.41540e+02    3.05745e-06

           Step           Time
          15500       31.00000

   Energies (kJ/mol)
           Bond          Angle    Proper Dih. Ryckaert-Bell.          LJ-14
    6.14040e+03    1.64545e+04    9.18831e+02    8.49903e+03    1.11304e+04
     Coulomb-14        LJ (SR)  Disper. corr.   Coulomb (SR)   Coul. recip.
    3.94547e+04    2.37352e+05   -1.30792e+04   -1.72516e+06    7.91703e+03
 Position Rest.      Potential    Kinetic En.   Total Energy  Conserved En.
    1.79676e+03   -1.40857e+06    2.37610e+05   -1.17096e+06   -1.16884e+06
    Temperature Pres. DC (bar) Pressure (bar)   Constr. rmsd
    3.01853e+02   -2.38228e+02   -1.36825e+02    3.16203e-06

           Step           Time
          16000       32.00000

   Energies (kJ/mol)
           Bond          Angle    Proper Dih. Ryckaert-Bell.          LJ-14
    5.99194e+03    1.62824e+04    9.56883e+02    8.68334e+03    1.10095e+04
     Coulomb-14        LJ (SR)  Disper. corr.   Coulomb (SR)   Coul. recip.
    3.94873e+04    2.40765e+05   -1.30942e+04   -1.72939e+06    8.05541e+03
 Position Rest.      Potential    Kinetic En.   Total Energy  Conserved En.
    1.95727e+03   -1.40930e+06    2.35526e+05   -1.17377e+06   -1.16882e+06
    Temperature Pres. DC (bar) Pressure (bar)   Constr. rmsd
    2.99206e+02   -2.38773e+02    5.08259e+01    3.22941e-06

           Step           Time
          16500       33.00000

   Energies (kJ/mol)
           Bond          Angle    Proper Dih. Ryckaert-Bell.          LJ-14
    5.92649e+03    1.63852e+04    9.61575e+02    8.62660e+03    1.11989e+04
     Coulomb-14        LJ (SR)  Disper. corr.   Coulomb (SR)   Coul. recip.
    3.95420e+04    2.39943e+05   -1.30610e+04   -1.72904e+06    8.01566e+03
 Position Rest.      Potential    Kinetic En.   Total Energy  Conserved En.
    1.83908e+03   -1.40966e+06    2.34938e+05   -1.17472e+06   -1.16882e+06
    Temperature Pres. DC (bar) Pressure (bar)   Constr. rmsd
    2.98459e+02   -2.37565e+02   -7.26947e+01    3.06003e-06

           Step           Time
          17000       34.00000

   Energies (kJ/mol)
           Bond          Angle    Proper Dih. Ryckaert-Bell.          LJ-14
    5.95178e+03    1.62024e+04    9.89427e+02    8.77354e+03    1.11118e+04
     Coulomb-14        LJ (SR)  Disper. corr.   Coulomb (SR)   Coul. recip.
    3.97220e+04    2.43004e+05   -1.30667e+04   -1.73334e+06    8.04332e+03
 Position Rest.      Potential    Kinetic En.   Total Energy  Conserved En.
    1.83770e+03   -1.41077e+06    2.36355e+05   -1.17441e+06   -1.16884e+06
    Temperature Pres. DC (bar) Pressure (bar)   Constr. rmsd
    3.00258e+02   -2.37771e+02    3.57856e+01    3.15534e-06

           Step           Time
          17500       35.00000

   Energies (kJ/mol)
           Bond          Angle    Proper Dih. Ryckaert-Bell.          LJ-14
    5.87308e+03    1.65107e+04    9.87447e+02    8.73528e+03    1.11244e+04
     Coulomb-14        LJ (SR)  Disper. corr.   Coulomb (SR)   Coul. recip.
    3.96320e+04    2.40687e+05   -1.30395e+04   -1.72824e+06    8.09344e+03
 Position Rest.      Potential    Kinetic En.   Total Energy  Conserved En.
    1.87405e+03   -1.40776e+06    2.35823e+05   -1.17194e+06   -1.16882e+06
    Temperature Pres. DC (bar) Pressure (bar)   Constr. rmsd
    2.99583e+02   -2.36787e+02    1.56239e+00    3.08463e-06

           Step           Time
          18000       36.00000

   Energies (kJ/mol)
           Bond          Angle    Proper Dih. Ryckaert-Bell.          LJ-14
    6.07658e+03    1.65511e+04    9.39659e+02    8.42704e+03    1.12318e+04
     Coulomb-14        LJ (SR)  Disper. corr.   Coulomb (SR)   Coul. recip.
    3.96762e+04    2.40738e+05   -1.30533e+04   -1.72651e+06    8.23784e+03
 Position Rest.      Potential    Kinetic En.   Total Energy  Conserved En.
    1.78021e+03   -1.40591e+06    2.36880e+05   -1.16903e+06   -1.16882e+06
    Temperature Pres. DC (bar) Pressure (bar)   Constr. rmsd
    3.00925e+02   -2.37285e+02    1.47458e+02    3.04356e-06

           Step           Time
          18500       37.00000

   Energies (kJ/mol)
           Bond          Angle    Proper Dih. Ryckaert-Bell.          LJ-14
    5.82912e+03    1.62906e+04    9.45372e+02    8.62448e+03    1.13600e+04
     Coulomb-14        LJ (SR)  Disper. corr.   Coulomb (SR)   Coul. recip.
    3.96986e+04    2.39193e+05   -1.30786e+04   -1.72491e+06    8.07714e+03
 Position Rest.      Potential    Kinetic En.   Total Energy  Conserved En.
    1.77793e+03   -1.40620e+06    2.35928e+05   -1.17027e+06   -1.16884e+06
    Temperature Pres. DC (bar) Pressure (bar)   Constr. rmsd
    2.99716e+02   -2.38205e+02    1.01671e+02    3.13492e-06

           Step           Time
          19000       38.00000

   Energies (kJ/mol)
           Bond          Angle    Proper Dih. Ryckaert-Bell.          LJ-14
    6.09231e+03    1.63979e+04    9.69040e+02    8.59928e+03    1.12146e+04
     Coulomb-14        LJ (SR)  Disper. corr.   Coulomb (SR)   Coul. recip.
    3.96745e+04    2.39412e+05   -1.30527e+04   -1.72509e+06    8.18644e+03
 Position Rest.      Potential    Kinetic En.   Total Energy  Conserved En.
    1.95963e+03   -1.40564e+06    2.36923e+05   -1.16872e+06   -1.16883e+06
    Temperature Pres. DC (bar) Pressure (bar)   Constr. rmsd
    3.00980e+02   -2.37264e+02   -1.37301e+02    3.28757e-06

           Step           Time
          19500       39.00000

Writing checkpoint, step 19500 at Sat Jul 20 20:08:05 2024


   Energies (kJ/mol)
           Bond          Angle    Proper Dih. Ryckaert-Bell.          LJ-14
    6.16349e+03    1.68917e+04    1.01992e+03    8.54888e+03    1.11954e+04
     Coulomb-14        LJ (SR)  Disper. corr.   Coulomb (SR)   Coul. recip.
    3.95040e+04    2.39738e+05   -1.30817e+04   -1.72613e+06    8.22965e+03
 Position Rest.      Potential    Kinetic En.   Total Energy  Conserved En.
    1.78659e+03   -1.40613e+06    2.38200e+05   -1.16793e+06   -1.16878e+06
    Temperature Pres. DC (bar) Pressure (bar)   Constr. rmsd
    3.02602e+02   -2.38319e+02    1.03224e+02    3.11014e-06

           Step           Time
          20000       40.00000

   Energies (kJ/mol)
           Bond          Angle    Proper Dih. Ryckaert-Bell.          LJ-14
    6.06822e+03    1.61918e+04    9.78490e+02    8.49713e+03    1.13204e+04
     Coulomb-14        LJ (SR)  Disper. corr.   Coulomb (SR)   Coul. recip.
    3.95624e+04    2.39471e+05   -1.30764e+04   -1.72698e+06    8.09711e+03
 Position Rest.      Potential    Kinetic En.   Total Energy  Conserved En.
    1.81279e+03   -1.40806e+06    2.36211e+05   -1.17185e+06   -1.16883e+06
    Temperature Pres. DC (bar) Pressure (bar)   Constr. rmsd
    3.00076e+02   -2.38124e+02   -3.84420e+01    3.20030e-06

           Step           Time
          20500       41.00000

   Energies (kJ/mol)
           Bond          Angle    Proper Dih. Ryckaert-Bell.          LJ-14
    6.18505e+03    1.61194e+04    1.01731e+03    8.57145e+03    1.10960e+04
     Coulomb-14        LJ (SR)  Disper. corr.   Coulomb (SR)   Coul. recip.
    3.94181e+04    2.39596e+05   -1.30920e+04   -1.72720e+06    8.02050e+03
 Position Rest.      Potential    Kinetic En.   Total Energy  Conserved En.
    1.84827e+03   -1.40842e+06    2.36705e+05   -1.17171e+06   -1.16884e+06
    Temperature Pres. DC (bar) Pressure (bar)   Constr. rmsd
    3.00704e+02   -2.38694e+02   -3.83383e+01    3.13898e-06

           Step           Time
          21000       42.00000

   Energies (kJ/mol)
           Bond          Angle    Proper Dih. Ryckaert-Bell.          LJ-14
    5.93492e+03    1.61080e+04    1.02305e+03    8.63541e+03    1.12574e+04
     Coulomb-14        LJ (SR)  Disper. corr.   Coulomb (SR)   Coul. recip.
    3.94895e+04    2.41097e+05   -1.30557e+04   -1.72763e+06    8.04685e+03
 Position Rest.      Potential    Kinetic En.   Total Energy  Conserved En.
    1.79871e+03   -1.40729e+06    2.37829e+05   -1.16947e+06   -1.16883e+06
    Temperature Pres. DC (bar) Pressure (bar)   Constr. rmsd
    3.02131e+02   -2.37373e+02    1.23748e+02    3.36229e-06

           Step           Time
          21500       43.00000

   Energies (kJ/mol)
           Bond          Angle    Proper Dih. Ryckaert-Bell.          LJ-14
    5.99944e+03    1.64980e+04    1.00162e+03    8.57643e+03    1.11301e+04
     Coulomb-14        LJ (SR)  Disper. corr.   Coulomb (SR)   Coul. recip.
    3.96822e+04    2.40969e+05   -1.30837e+04   -1.72853e+06    8.16856e+03
 Position Rest.      Potential    Kinetic En.   Total Energy  Conserved En.
    1.85839e+03   -1.40773e+06    2.36248e+05   -1.17148e+06   -1.16881e+06
    Temperature Pres. DC (bar) Pressure (bar)   Constr. rmsd
    3.00122e+02   -2.38392e+02    9.52681e+01    3.36756e-06

           Step           Time
          22000       44.00000

   Energies (kJ/mol)
           Bond          Angle    Proper Dih. Ryckaert-Bell.          LJ-14
    5.98692e+03    1.61729e+04    9.90286e+02    8.67883e+03    1.12823e+04
     Coulomb-14        LJ (SR)  Disper. corr.   Coulomb (SR)   Coul. recip.
    3.94844e+04    2.40449e+05   -1.30793e+04   -1.72877e+06    8.29238e+03
 Position Rest.      Potential    Kinetic En.   Total Energy  Conserved En.
    1.84428e+03   -1.40867e+06    2.36476e+05   -1.17219e+06   -1.16882e+06
    Temperature Pres. DC (bar) Pressure (bar)   Constr. rmsd
    3.00412e+02   -2.38233e+02    1.30702e+02    3.16520e-06

           Step           Time
          22500       45.00000

   Energies (kJ/mol)
           Bond          Angle    Proper Dih. Ryckaert-Bell.          LJ-14
    6.03767e+03    1.65109e+04    1.03602e+03    8.53718e+03    1.09941e+04
     Coulomb-14        LJ (SR)  Disper. corr.   Coulomb (SR)   Coul. recip.
    3.93330e+04    2.41280e+05   -1.30674e+04   -1.72792e+06    8.05203e+03
 Position Rest.      Potential    Kinetic En.   Total Energy  Conserved En.
    1.87162e+03   -1.40733e+06    2.34388e+05   -1.17295e+06   -1.16878e+06
    Temperature Pres. DC (bar) Pressure (bar)   Constr. rmsd
    2.97760e+02   -2.37800e+02    4.02811e+01    3.16877e-06

           Step           Time
          23000       46.00000

   Energies (kJ/mol)
           Bond          Angle    Proper Dih. Ryckaert-Bell.          LJ-14
    5.95611e+03    1.66728e+04    9.19546e+02    8.56112e+03    1.12108e+04
     Coulomb-14        LJ (SR)  Disper. corr.   Coulomb (SR)   Coul. recip.
    3.96349e+04    2.40403e+05   -1.30213e+04   -1.72656e+06    8.08127e+03
 Position Rest.      Potential    Kinetic En.   Total Energy  Conserved En.
    1.96877e+03   -1.40617e+06    2.35381e+05   -1.17079e+06   -1.16879e+06
    Temperature Pres. DC (bar) Pressure (bar)   Constr. rmsd
    2.99021e+02   -2.36124e+02    3.75940e+01    3.25417e-06

           Step           Time
          23500       47.00000

   Energies (kJ/mol)
           Bond          Angle    Proper Dih. Ryckaert-Bell.          LJ-14
    6.09032e+03    1.66209e+04    9.91144e+02    8.59888e+03    1.11178e+04
     Coulomb-14        LJ (SR)  Disper. corr.   Coulomb (SR)   Coul. recip.
    3.94152e+04    2.41464e+05   -1.30568e+04   -1.72837e+06    8.15213e+03
 Position Rest.      Potential    Kinetic En.   Total Energy  Conserved En.
    1.80425e+03   -1.40718e+06    2.36265e+05   -1.17091e+06   -1.16876e+06
    Temperature Pres. DC (bar) Pressure (bar)   Constr. rmsd
    3.00144e+02   -2.37412e+02    1.23632e+02    3.15908e-06

           Step           Time
          24000       48.00000

   Energies (kJ/mol)
           Bond          Angle    Proper Dih. Ryckaert-Bell.          LJ-14
    6.23688e+03    1.65565e+04    9.70384e+02    8.73227e+03    1.11014e+04
     Coulomb-14        LJ (SR)  Disper. corr.   Coulomb (SR)   Coul. recip.
    3.94440e+04    2.38880e+05   -1.30178e+04   -1.72497e+06    8.15885e+03
 Position Rest.      Potential    Kinetic En.   Total Energy  Conserved En.
    1.84229e+03   -1.40607e+06    2.36261e+05   -1.16981e+06   -1.16880e+06
    Temperature Pres. DC (bar) Pressure (bar)   Constr. rmsd
    3.00139e+02   -2.35999e+02   -1.00360e+02    3.19112e-06

           Step           Time
          24500       49.00000

   Energies (kJ/mol)
           Bond          Angle    Proper Dih. Ryckaert-Bell.          LJ-14
    6.00915e+03    1.66723e+04    9.94264e+02    8.65135e+03    1.12412e+04
     Coulomb-14        LJ (SR)  Disper. corr.   Coulomb (SR)   Coul. recip.
    3.96414e+04    2.41201e+05   -1.30549e+04   -1.72975e+06    8.10960e+03
 Position Rest.      Potential    Kinetic En.   Total Energy  Conserved En.
    1.98303e+03   -1.40830e+06    2.36917e+05   -1.17139e+06   -1.16880e+06
    Temperature Pres. DC (bar) Pressure (bar)   Constr. rmsd
    3.00972e+02   -2.37345e+02   -1.44316e+01    3.09709e-06

           Step           Time
          25000       50.00000

   Energies (kJ/mol)
           Bond          Angle    Proper Dih. Ryckaert-Bell.          LJ-14
    6.18521e+03    1.64104e+04    9.64253e+02    8.54912e+03    1.11225e+04
     Coulomb-14        LJ (SR)  Disper. corr.   Coulomb (SR)   Coul. recip.
    3.96774e+04    2.38428e+05   -1.30425e+04   -1.72686e+06    8.05605e+03
 Position Rest.      Potential    Kinetic En.   Total Energy  Conserved En.
    1.86006e+03   -1.40865e+06    2.36349e+05   -1.17230e+06   -1.16878e+06
    Temperature Pres. DC (bar) Pressure (bar)   Constr. rmsd
    3.00251e+02   -2.36894e+02   -1.85829e+02    3.10051e-06

           Step           Time
          25500       51.00000

   Energies (kJ/mol)
           Bond          Angle    Proper Dih. Ryckaert-Bell.          LJ-14
    6.08514e+03    1.65482e+04    9.12775e+02    8.46463e+03    1.11120e+04
     Coulomb-14        LJ (SR)  Disper. corr.   Coulomb (SR)   Coul. recip.
    3.96490e+04    2.39115e+05   -1.30557e+04   -1.72656e+06    8.05107e+03
 Position Rest.      Potential    Kinetic En.   Total Energy  Conserved En.
    1.87354e+03   -1.40781e+06    2.36523e+05   -1.17128e+06   -1.16879e+06
    Temperature Pres. DC (bar) Pressure (bar)   Constr. rmsd
    3.00472e+02   -2.37374e+02   -2.17999e+01    3.15303e-06

           Step           Time
          26000       52.00000

   Energies (kJ/mol)
           Bond          Angle    Proper Dih. Ryckaert-Bell.          LJ-14
    5.96172e+03    1.61551e+04    1.00522e+03    8.57536e+03    1.11436e+04
     Coulomb-14        LJ (SR)  Disper. corr.   Coulomb (SR)   Coul. recip.
    3.95689e+04    2.40314e+05   -1.30639e+04   -1.72824e+06    8.15566e+03
 Position Rest.      Potential    Kinetic En.   Total Energy  Conserved En.
    1.93691e+03   -1.40849e+06    2.34822e+05   -1.17367e+06   -1.16882e+06
    Temperature Pres. DC (bar) Pressure (bar)   Constr. rmsd
    2.98311e+02   -2.37671e+02   -9.66515e+01    3.27067e-06

           Step           Time
          26500       53.00000

   Energies (kJ/mol)
           Bond          Angle    Proper Dih. Ryckaert-Bell.          LJ-14
    6.26752e+03    1.62350e+04    1.02103e+03    8.57766e+03    1.10421e+04
     Coulomb-14        LJ (SR)  Disper. corr.   Coulomb (SR)   Coul. recip.
    3.94161e+04    2.39070e+05   -1.30616e+04   -1.72639e+06    8.12291e+03
 Position Rest.      Potential    Kinetic En.   Total Energy  Conserved En.
    1.93759e+03   -1.40777e+06    2.36312e+05   -1.17145e+06   -1.16879e+06
    Temperature Pres. DC (bar) Pressure (bar)   Constr. rmsd
    3.00204e+02   -2.37586e+02   -9.31455e+01    3.13855e-06

           Step           Time
          27000       54.00000

   Energies (kJ/mol)
           Bond          Angle    Proper Dih. Ryckaert-Bell.          LJ-14
    5.95202e+03    1.63015e+04    9.68658e+02    8.39823e+03    1.11129e+04
     Coulomb-14        LJ (SR)  Disper. corr.   Coulomb (SR)   Coul. recip.
    3.94427e+04    2.41197e+05   -1.30597e+04   -1.72963e+06    8.12215e+03
 Position Rest.      Potential    Kinetic En.   Total Energy  Conserved En.
    1.77769e+03   -1.40941e+06    2.35929e+05   -1.17348e+06   -1.16880e+06
    Temperature Pres. DC (bar) Pressure (bar)   Constr. rmsd
    2.99718e+02   -2.37518e+02   -4.34998e+01    3.29437e-06

           Step           Time
          27500       55.00000

   Energies (kJ/mol)
           Bond          Angle    Proper Dih. Ryckaert-Bell.          LJ-14
    6.13398e+03    1.63144e+04    9.21557e+02    8.44993e+03    1.13102e+04
     Coulomb-14        LJ (SR)  Disper. corr.   Coulomb (SR)   Coul. recip.
    3.96801e+04    2.40760e+05   -1.30745e+04   -1.72980e+06    8.15764e+03
 Position Rest.      Potential    Kinetic En.   Total Energy  Conserved En.
    1.84717e+03   -1.40930e+06    2.36500e+05   -1.17280e+06   -1.16879e+06
    Temperature Pres. DC (bar) Pressure (bar)   Constr. rmsd
    3.00443e+02   -2.38056e+02    5.44404e+01    3.12409e-06

           Step           Time
          28000       56.00000

   Energies (kJ/mol)
           Bond          Angle    Proper Dih. Ryckaert-Bell.          LJ-14
    6.35776e+03    1.65963e+04    9.29464e+02    8.39288e+03    1.10312e+04
     Coulomb-14        LJ (SR)  Disper. corr.   Coulomb (SR)   Coul. recip.
    3.94980e+04    2.40922e+05   -1.30821e+04   -1.72783e+06    8.18485e+03
 Position Rest.      Potential    Kinetic En.   Total Energy  Conserved En.
    1.85749e+03   -1.40714e+06    2.36073e+05   -1.17107e+06   -1.16878e+06
    Temperature Pres. DC (bar) Pressure (bar)   Constr. rmsd
    2.99900e+02   -2.38334e+02    1.32967e+02    3.10543e-06

           Step           Time
          28500       57.00000

   Energies (kJ/mol)
           Bond          Angle    Proper Dih. Ryckaert-Bell.          LJ-14
    5.96194e+03    1.65553e+04    9.95824e+02    8.55409e+03    1.11395e+04
     Coulomb-14        LJ (SR)  Disper. corr.   Coulomb (SR)   Coul. recip.
    3.96038e+04    2.39148e+05   -1.30570e+04   -1.72633e+06    8.19258e+03
 Position Rest.      Potential    Kinetic En.   Total Energy  Conserved En.
    1.84965e+03   -1.40738e+06    2.35402e+05   -1.17198e+06   -1.16879e+06
    Temperature Pres. DC (bar) Pressure (bar)   Constr. rmsd
    2.99048e+02   -2.37421e+02   -1.00415e+02    3.06181e-06

           Step           Time
          29000       58.00000

   Energies (kJ/mol)
           Bond          Angle    Proper Dih. Ryckaert-Bell.          LJ-14
    6.25277e+03    1.63628e+04    9.50477e+02    8.63117e+03    1.10963e+04
     Coulomb-14        LJ (SR)  Disper. corr.   Coulomb (SR)   Coul. recip.
    3.96292e+04    2.39394e+05   -1.30776e+04   -1.72581e+06    8.23776e+03
 Position Rest.      Potential    Kinetic En.   Total Energy  Conserved En.
    1.81287e+03   -1.40652e+06    2.35384e+05   -1.17113e+06   -1.16879e+06
    Temperature Pres. DC (bar) Pressure (bar)   Constr. rmsd
    2.99026e+02   -2.38168e+02   -1.46874e+01    3.17202e-06

           Step           Time
          29500       59.00000

   Energies (kJ/mol)
           Bond          Angle    Proper Dih. Ryckaert-Bell.          LJ-14
    6.21530e+03    1.62109e+04    9.92923e+02    8.43679e+03    1.11260e+04
     Coulomb-14        LJ (SR)  Disper. corr.   Coulomb (SR)   Coul. recip.
    3.95671e+04    2.40218e+05   -1.30428e+04   -1.72730e+06    7.99712e+03
 Position Rest.      Potential    Kinetic En.   Total Energy  Conserved En.
    1.92291e+03   -1.40766e+06    2.36972e+05   -1.17069e+06   -1.16880e+06
    Temperature Pres. DC (bar) Pressure (bar)   Constr. rmsd
    3.01042e+02   -2.36903e+02   -3.91875e+01    3.16315e-06

Writing checkpoint, step 29650 at Sat Jul 20 20:23:05 2024



Reading checkpoint file npt.cpt
  file generated by:     /usr/bin/gmx
  file generated at:     Sat Jul 20 20:23:05 2024

  GROMACS double prec.:  0
  simulation part #:     1
  step:                  29650
  time:                  59.300000



-----------------------------------------------------------
Restarting from checkpoint, appending to previous log file.

              :-) GROMACS - gmx mdrun, 2021.4-Ubuntu-2021.4-2 (-:

Executable:   /usr/bin/gmx
Data prefix:  /usr
Working dir:  /mnt/c/users/user/Desktop/4ey6 Simulation
Process ID:   545
Command line:
  gmx mdrun -deffnm npt -v -cpi

GROMACS version:    2021.4-Ubuntu-2021.4-2
Precision:          mixed
Memory model:       64 bit
MPI library:        thread_mpi
OpenMP support:     enabled (GMX_OPENMP_MAX_THREADS = 64)
GPU support:        disabled
SIMD instructions:  SSE4.1
FFT library:        fftw-3.3.8-sse2-avx
RDTSCP usage:       enabled
TNG support:        enabled
Hwloc support:      hwloc-2.5.0
Tracing support:    disabled
C compiler:         /usr/bin/cc GNU 11.2.0
C compiler flags:   -msse4.1 -Wno-missing-field-initializers -fexcess-precision=fast -funroll-all-loops -O3 -DNDEBUG
C++ compiler:       /usr/bin/c++ GNU 11.2.0
C++ compiler flags: -msse4.1 -Wno-missing-field-initializers -fexcess-precision=fast -funroll-all-loops -fopenmp -O3 -DNDEBUG

Changing nstlist from 10 to 50, rlist from 1 to 1.114

Using 1 MPI thread
Using 4 OpenMP threads 

Pinning threads with an auto-selected logical core stride of 1
System total charge: -0.000
Will do PME sum in reciprocal space for electrostatic interactions.

++++ PLEASE READ AND CITE THE FOLLOWING REFERENCE ++++
U. Essmann, L. Perera, M. L. Berkowitz, T. Darden, H. Lee and L. G. Pedersen 
A smooth particle mesh Ewald method
J. Chem. Phys. 103 (1995) pp. 8577-8592
-------- -------- --- Thank You --- -------- --------

Using a Gaussian width (1/beta) of 0.320163 nm for Ewald
Potential shift: LJ r^-12: -1.000e+00 r^-6: -1.000e+00, Ewald -1.000e-05
Initialized non-bonded Ewald tables, spacing: 9.33e-04 size: 1073

Generated table with 1056 data points for 1-4 COUL.
Tabscale = 500 points/nm
Generated table with 1056 data points for 1-4 LJ6.
Tabscale = 500 points/nm
Generated table with 1056 data points for 1-4 LJ12.
Tabscale = 500 points/nm
Long Range LJ corr.: <C6> 3.3271e-04


Using SIMD 4x4 nonbonded short-range kernels

Using a dual 4x4 pair-list setup updated with dynamic pruning:
  outer list: updated every 50 steps, buffer 0.114 nm, rlist 1.114 nm
  inner list: updated every 12 steps, buffer 0.002 nm, rlist 1.002 nm
At tolerance 0.005 kJ/mol/ps per atom, equivalent classical 1x1 list would be:
  outer list: updated every 50 steps, buffer 0.243 nm, rlist 1.243 nm
  inner list: updated every 12 steps, buffer 0.047 nm, rlist 1.047 nm

Using geometric Lennard-Jones combination rule

Initializing LINear Constraint Solver

++++ PLEASE READ AND CITE THE FOLLOWING REFERENCE ++++
B. Hess and H. Bekker and H. J. C. Berendsen and J. G. E. M. Fraaije
LINCS: A Linear Constraint Solver for molecular simulations
J. Comp. Chem. 18 (1997) pp. 1463-1472
-------- -------- --- Thank You --- -------- --------

The number of constraints is 4015

++++ PLEASE READ AND CITE THE FOLLOWING REFERENCE ++++
S. Miyamoto and P. A. Kollman
SETTLE: An Analytical Version of the SHAKE and RATTLE Algorithms for Rigid
Water Models
J. Comp. Chem. 13 (1992) pp. 952-962
-------- -------- --- Thank You --- -------- --------

There are: 92607 Atoms
Center of mass motion removal mode is Linear
We have the following groups for center of mass motion removal:
  0:  rest

Started mdrun on rank 0 Sat Jul 20 21:42:02 2024

           Step           Time
          30000       60.00000

   Energies (kJ/mol)
           Bond          Angle    Proper Dih. Ryckaert-Bell.          LJ-14
    6.04184e+03    1.62304e+04    9.99287e+02    8.49897e+03    1.11228e+04
     Coulomb-14        LJ (SR)  Disper. corr.   Coulomb (SR)   Coul. recip.
    3.96742e+04    2.40167e+05   -1.30882e+04   -1.72886e+06    8.08135e+03
 Position Rest.      Potential    Kinetic En.   Total Energy  Conserved En.
    1.85925e+03   -1.40928e+06    2.35447e+05   -1.17383e+06   -1.16879e+06
    Temperature Pres. DC (bar) Pressure (bar)   Constr. rmsd
    2.99105e+02   -2.38554e+02    2.25736e+00    3.11606e-06

           Step           Time
          30500       61.00000

   Energies (kJ/mol)
           Bond          Angle    Proper Dih. Ryckaert-Bell.          LJ-14
    6.09425e+03    1.61195e+04    9.77117e+02    8.61973e+03    1.11723e+04
     Coulomb-14        LJ (SR)  Disper. corr.   Coulomb (SR)   Coul. recip.
    3.96801e+04    2.40787e+05   -1.30561e+04   -1.72760e+06    8.10470e+03
 Position Rest.      Potential    Kinetic En.   Total Energy  Conserved En.
    1.92292e+03   -1.40718e+06    2.35246e+05   -1.17193e+06   -1.16878e+06
    Temperature Pres. DC (bar) Pressure (bar)   Constr. rmsd
    2.98849e+02   -2.37390e+02   -5.82006e+01    3.16525e-06

           Step           Time
          31000       62.00000

   Energies (kJ/mol)
           Bond          Angle    Proper Dih. Ryckaert-Bell.          LJ-14
    6.24090e+03    1.61151e+04    1.04503e+03    8.63846e+03    1.11885e+04
     Coulomb-14        LJ (SR)  Disper. corr.   Coulomb (SR)   Coul. recip.
    3.95760e+04    2.41110e+05   -1.30680e+04   -1.72782e+06    8.23553e+03
 Position Rest.      Potential    Kinetic En.   Total Energy  Conserved En.
    1.78691e+03   -1.40695e+06    2.35212e+05   -1.17174e+06   -1.16876e+06
    Temperature Pres. DC (bar) Pressure (bar)   Constr. rmsd
    2.98806e+02   -2.37819e+02    2.78399e+01    3.08053e-06

           Step           Time
          31500       63.00000

   Energies (kJ/mol)
           Bond          Angle    Proper Dih. Ryckaert-Bell.          LJ-14
    6.07563e+03    1.59776e+04    1.02953e+03    8.69496e+03    1.10783e+04
     Coulomb-14        LJ (SR)  Disper. corr.   Coulomb (SR)   Coul. recip.
    3.95943e+04    2.41950e+05   -1.30664e+04   -1.72862e+06    8.12211e+03
 Position Rest.      Potential    Kinetic En.   Total Energy  Conserved En.
    1.80279e+03   -1.40736e+06    2.33828e+05   -1.17353e+06   -1.16877e+06
    Temperature Pres. DC (bar) Pressure (bar)   Constr. rmsd
    2.97049e+02   -2.37761e+02    1.20786e+02    3.20190e-06

           Step           Time
          32000       64.00000

   Energies (kJ/mol)
           Bond          Angle    Proper Dih. Ryckaert-Bell.          LJ-14
    6.10157e+03    1.63928e+04    1.01403e+03    8.70162e+03    1.12208e+04
     Coulomb-14        LJ (SR)  Disper. corr.   Coulomb (SR)   Coul. recip.
    3.95910e+04    2.40040e+05   -1.30762e+04   -1.72783e+06    8.08880e+03
 Position Rest.      Potential    Kinetic En.   Total Energy  Conserved En.
    1.87885e+03   -1.40788e+06    2.36146e+05   -1.17173e+06   -1.16875e+06
    Temperature Pres. DC (bar) Pressure (bar)   Constr. rmsd
    2.99993e+02   -2.38119e+02    2.96670e+01    3.16674e-06

           Step           Time
          32500       65.00000

   Energies (kJ/mol)
           Bond          Angle    Proper Dih. Ryckaert-Bell.          LJ-14
    6.19113e+03    1.65868e+04    9.99693e+02    8.58799e+03    1.11233e+04
     Coulomb-14        LJ (SR)  Disper. corr.   Coulomb (SR)   Coul. recip.
    3.96273e+04    2.40041e+05   -1.30635e+04   -1.72506e+06    8.11127e+03
 Position Rest.      Potential    Kinetic En.   Total Energy  Conserved En.
    1.88555e+03   -1.40497e+06    2.35617e+05   -1.16935e+06   -1.16875e+06
    Temperature Pres. DC (bar) Pressure (bar)   Constr. rmsd
    2.99321e+02   -2.37658e+02    9.13974e+01    3.25337e-06

           Step           Time
          33000       66.00000

   Energies (kJ/mol)
           Bond          Angle    Proper Dih. Ryckaert-Bell.          LJ-14
    5.98469e+03    1.62455e+04    9.04906e+02    8.58345e+03    1.12324e+04
     Coulomb-14        LJ (SR)  Disper. corr.   Coulomb (SR)   Coul. recip.
    3.96368e+04    2.37296e+05   -1.30357e+04   -1.72359e+06    8.11008e+03
 Position Rest.      Potential    Kinetic En.   Total Energy  Conserved En.
    1.79436e+03   -1.40684e+06    2.35660e+05   -1.17118e+06   -1.16877e+06
    Temperature Pres. DC (bar) Pressure (bar)   Constr. rmsd
    2.99375e+02   -2.36649e+02   -1.38267e+02    3.09887e-06

           Step           Time
          33500       67.00000

   Energies (kJ/mol)
           Bond          Angle    Proper Dih. Ryckaert-Bell.          LJ-14
    6.19825e+03    1.64714e+04    1.02540e+03    8.58996e+03    1.11224e+04
     Coulomb-14        LJ (SR)  Disper. corr.   Coulomb (SR)   Coul. recip.
    3.96606e+04    2.38886e+05   -1.30461e+04   -1.72357e+06    8.08358e+03
 Position Rest.      Potential    Kinetic En.   Total Energy  Conserved En.
    1.81783e+03   -1.40477e+06    2.35239e+05   -1.16953e+06   -1.16873e+06
    Temperature Pres. DC (bar) Pressure (bar)   Constr. rmsd
    2.98841e+02   -2.37024e+02   -2.19814e+01    3.10205e-06

           Step           Time
          34000       68.00000

   Energies (kJ/mol)
           Bond          Angle    Proper Dih. Ryckaert-Bell.          LJ-14
    6.07112e+03    1.64981e+04    1.07792e+03    8.55855e+03    1.10814e+04
     Coulomb-14        LJ (SR)  Disper. corr.   Coulomb (SR)   Coul. recip.
    3.95377e+04    2.40888e+05   -1.30615e+04   -1.72648e+06    8.05029e+03
 Position Rest.      Potential    Kinetic En.   Total Energy  Conserved En.
    1.98326e+03   -1.40580e+06    2.34830e+05   -1.17097e+06   -1.16874e+06
    Temperature Pres. DC (bar) Pressure (bar)   Constr. rmsd
    2.98321e+02   -2.37586e+02    5.66753e+01    3.18029e-06

           Step           Time
          34500       69.00000

   Energies (kJ/mol)
           Bond          Angle    Proper Dih. Ryckaert-Bell.          LJ-14
    6.10632e+03    1.64536e+04    1.01116e+03    8.56497e+03    1.12123e+04
     Coulomb-14        LJ (SR)  Disper. corr.   Coulomb (SR)   Coul. recip.
    3.95656e+04    2.38525e+05   -1.30798e+04   -1.72388e+06    8.11717e+03
 Position Rest.      Potential    Kinetic En.   Total Energy  Conserved En.
    1.91059e+03   -1.40550e+06    2.35881e+05   -1.16961e+06   -1.16872e+06
    Temperature Pres. DC (bar) Pressure (bar)   Constr. rmsd
    2.99656e+02   -2.38250e+02    7.08696e+01    3.14281e-06

           Step           Time
          35000       70.00000

   Energies (kJ/mol)
           Bond          Angle    Proper Dih. Ryckaert-Bell.          LJ-14
    6.26779e+03    1.64766e+04    1.03365e+03    8.71963e+03    1.10050e+04
     Coulomb-14        LJ (SR)  Disper. corr.   Coulomb (SR)   Coul. recip.
    3.96048e+04    2.37792e+05   -1.30485e+04   -1.72337e+06    8.01597e+03
 Position Rest.      Potential    Kinetic En.   Total Energy  Conserved En.
    1.96170e+03   -1.40554e+06    2.36366e+05   -1.16917e+06   -1.16871e+06
    Temperature Pres. DC (bar) Pressure (bar)   Constr. rmsd
    3.00272e+02   -2.37111e+02   -2.58686e+02    3.13820e-06

           Step           Time
          35500       71.00000

   Energies (kJ/mol)
           Bond          Angle    Proper Dih. Ryckaert-Bell.          LJ-14
    6.11330e+03    1.64485e+04    1.02703e+03    8.45008e+03    1.12371e+04
     Coulomb-14        LJ (SR)  Disper. corr.   Coulomb (SR)   Coul. recip.
    3.95753e+04    2.41402e+05   -1.30507e+04   -1.72686e+06    8.11280e+03
 Position Rest.      Potential    Kinetic En.   Total Energy  Conserved En.
    1.92643e+03   -1.40562e+06    2.36519e+05   -1.16910e+06   -1.16873e+06
    Temperature Pres. DC (bar) Pressure (bar)   Constr. rmsd
    3.00467e+02   -2.37193e+02    1.32775e+02    3.20687e-06

           Step           Time
          36000       72.00000

   Energies (kJ/mol)
           Bond          Angle    Proper Dih. Ryckaert-Bell.          LJ-14
    5.86999e+03    1.63788e+04    9.82331e+02    8.62943e+03    1.11921e+04
     Coulomb-14        LJ (SR)  Disper. corr.   Coulomb (SR)   Coul. recip.
    3.95374e+04    2.39888e+05   -1.30556e+04   -1.72639e+06    8.15803e+03
 Position Rest.      Potential    Kinetic En.   Total Energy  Conserved En.
    2.00970e+03   -1.40680e+06    2.36554e+05   -1.17025e+06   -1.16875e+06
    Temperature Pres. DC (bar) Pressure (bar)   Constr. rmsd
    3.00511e+02   -2.37368e+02    3.34272e+01    3.12707e-06

           Step           Time
          36500       73.00000

   Energies (kJ/mol)
           Bond          Angle    Proper Dih. Ryckaert-Bell.          LJ-14
    6.10294e+03    1.66308e+04    9.17550e+02    8.41405e+03    1.11780e+04
     Coulomb-14        LJ (SR)  Disper. corr.   Coulomb (SR)   Coul. recip.
    3.96555e+04    2.39378e+05   -1.30579e+04   -1.72500e+06    8.10923e+03
 Position Rest.      Potential    Kinetic En.   Total Energy  Conserved En.
    1.85752e+03   -1.40581e+06    2.36242e+05   -1.16957e+06   -1.16871e+06
    Temperature Pres. DC (bar) Pressure (bar)   Constr. rmsd
    3.00115e+02   -2.37452e+02   -5.58173e+01    3.18170e-06

           Step           Time
          37000       74.00000

   Energies (kJ/mol)
           Bond          Angle    Proper Dih. Ryckaert-Bell.          LJ-14
    6.12994e+03    1.69001e+04    9.53221e+02    8.51891e+03    1.11249e+04
     Coulomb-14        LJ (SR)  Disper. corr.   Coulomb (SR)   Coul. recip.
    3.95703e+04    2.42818e+05   -1.30737e+04   -1.73005e+06    8.03073e+03
 Position Rest.      Potential    Kinetic En.   Total Energy  Conserved En.
    1.90782e+03   -1.40717e+06    2.37843e+05   -1.16933e+06   -1.16872e+06
    Temperature Pres. DC (bar) Pressure (bar)   Constr. rmsd
    3.02149e+02   -2.38028e+02    1.24015e+02    3.25028e-06

           Step           Time
          37500       75.00000

   Energies (kJ/mol)
           Bond          Angle    Proper Dih. Ryckaert-Bell.          LJ-14
    6.23612e+03    1.67378e+04    9.76322e+02    8.61778e+03    1.11855e+04
     Coulomb-14        LJ (SR)  Disper. corr.   Coulomb (SR)   Coul. recip.
    3.95044e+04    2.40984e+05   -1.30629e+04   -1.72554e+06    8.22131e+03
 Position Rest.      Potential    Kinetic En.   Total Energy  Conserved En.
    1.91091e+03   -1.40423e+06    2.36362e+05   -1.16787e+06   -1.16867e+06
    Temperature Pres. DC (bar) Pressure (bar)   Constr. rmsd
    3.00267e+02   -2.37635e+02    5.57332e+01    3.12874e-06

           Step           Time
          38000       76.00000

   Energies (kJ/mol)
           Bond          Angle    Proper Dih. Ryckaert-Bell.          LJ-14
    5.94372e+03    1.65704e+04    1.02687e+03    8.46441e+03    1.11270e+04
     Coulomb-14        LJ (SR)  Disper. corr.   Coulomb (SR)   Coul. recip.
    3.94616e+04    2.40205e+05   -1.30766e+04   -1.72601e+06    8.06765e+03
 Position Rest.      Potential    Kinetic En.   Total Energy  Conserved En.
    1.87304e+03   -1.40635e+06    2.37497e+05   -1.16885e+06   -1.16875e+06
    Temperature Pres. DC (bar) Pressure (bar)   Constr. rmsd
    3.01709e+02   -2.38132e+02    4.62593e-01    3.09820e-06

           Step           Time
          38500       77.00000

   Energies (kJ/mol)
           Bond          Angle    Proper Dih. Ryckaert-Bell.          LJ-14
    6.11168e+03    1.65042e+04    1.02916e+03    8.60083e+03    1.11295e+04
     Coulomb-14        LJ (SR)  Disper. corr.   Coulomb (SR)   Coul. recip.
    3.96196e+04    2.40437e+05   -1.30743e+04   -1.72687e+06    8.14648e+03
 Position Rest.      Potential    Kinetic En.   Total Energy  Conserved En.
    1.87092e+03   -1.40649e+06    2.35982e+05   -1.17051e+06   -1.16872e+06
    Temperature Pres. DC (bar) Pressure (bar)   Constr. rmsd
    2.99785e+02   -2.38050e+02    1.13168e+02    3.19113e-06

           Step           Time
          39000       78.00000

   Energies (kJ/mol)
           Bond          Angle    Proper Dih. Ryckaert-Bell.          LJ-14
    6.00487e+03    1.64358e+04    9.37433e+02    8.47336e+03    1.11964e+04
     Coulomb-14        LJ (SR)  Disper. corr.   Coulomb (SR)   Coul. recip.
    3.96113e+04    2.38904e+05   -1.30881e+04   -1.72456e+06    8.08133e+03
 Position Rest.      Potential    Kinetic En.   Total Energy  Conserved En.
    1.94037e+03   -1.40606e+06    2.34823e+05   -1.17124e+06   -1.16870e+06
    Temperature Pres. DC (bar) Pressure (bar)   Constr. rmsd
    2.98312e+02   -2.38550e+02   -4.72458e+01    3.09210e-06

Writing checkpoint, step 39100 at Sat Jul 20 21:57:05 2024


           Step           Time
          39500       79.00000

   Energies (kJ/mol)
           Bond          Angle    Proper Dih. Ryckaert-Bell.          LJ-14
    6.13344e+03    1.63576e+04    9.63322e+02    8.57972e+03    1.11522e+04
     Coulomb-14        LJ (SR)  Disper. corr.   Coulomb (SR)   Coul. recip.
    3.96704e+04    2.39131e+05   -1.30483e+04   -1.72482e+06    8.11324e+03
 Position Rest.      Potential    Kinetic En.   Total Energy  Conserved En.
    1.82233e+03   -1.40595e+06    2.35838e+05   -1.17011e+06   -1.16869e+06
    Temperature Pres. DC (bar) Pressure (bar)   Constr. rmsd
    2.99602e+02   -2.37103e+02   -1.01011e+02    2.96839e-06

           Step           Time
          40000       80.00000

   Energies (kJ/mol)
           Bond          Angle    Proper Dih. Ryckaert-Bell.          LJ-14
    6.32716e+03    1.62247e+04    9.68211e+02    8.39907e+03    1.12737e+04
     Coulomb-14        LJ (SR)  Disper. corr.   Coulomb (SR)   Coul. recip.
    3.97184e+04    2.40431e+05   -1.30745e+04   -1.72691e+06    8.24110e+03
 Position Rest.      Potential    Kinetic En.   Total Energy  Conserved En.
    1.81459e+03   -1.40658e+06    2.36725e+05   -1.16986e+06   -1.16871e+06
    Temperature Pres. DC (bar) Pressure (bar)   Constr. rmsd
    3.00728e+02   -2.38058e+02    3.14947e+01    3.30428e-06

           Step           Time
          40500       81.00000

   Energies (kJ/mol)
           Bond          Angle    Proper Dih. Ryckaert-Bell.          LJ-14
    6.06233e+03    1.66609e+04    1.00397e+03    8.51266e+03    1.10169e+04
     Coulomb-14        LJ (SR)  Disper. corr.   Coulomb (SR)   Coul. recip.
    3.97382e+04    2.40196e+05   -1.30544e+04   -1.72793e+06    8.12258e+03
 Position Rest.      Potential    Kinetic En.   Total Energy  Conserved En.
    1.83070e+03   -1.40784e+06    2.35688e+05   -1.17216e+06   -1.16867e+06
    Temperature Pres. DC (bar) Pressure (bar)   Constr. rmsd
    2.99411e+02   -2.37327e+02   -1.08480e+02    3.05928e-06

           Step           Time
          41000       82.00000

   Energies (kJ/mol)
           Bond          Angle    Proper Dih. Ryckaert-Bell.          LJ-14
    6.00178e+03    1.64709e+04    1.09069e+03    8.72404e+03    1.13336e+04
     Coulomb-14        LJ (SR)  Disper. corr.   Coulomb (SR)   Coul. recip.
    3.97463e+04    2.38606e+05   -1.30658e+04   -1.72395e+06    8.19402e+03
 Position Rest.      Potential    Kinetic En.   Total Energy  Conserved En.
    1.84666e+03   -1.40500e+06    2.36854e+05   -1.16815e+06   -1.16868e+06
    Temperature Pres. DC (bar) Pressure (bar)   Constr. rmsd
    3.00893e+02   -2.37740e+02    8.32835e+01    3.25413e-06

           Step           Time
          41500       83.00000

   Energies (kJ/mol)
           Bond          Angle    Proper Dih. Ryckaert-Bell.          LJ-14
    5.95362e+03    1.64436e+04    1.02236e+03    8.38162e+03    1.11480e+04
     Coulomb-14        LJ (SR)  Disper. corr.   Coulomb (SR)   Coul. recip.
    3.94599e+04    2.39776e+05   -1.30547e+04   -1.72604e+06    8.04129e+03
 Position Rest.      Potential    Kinetic En.   Total Energy  Conserved En.
    1.86224e+03   -1.40700e+06    2.36885e+05   -1.17012e+06   -1.16871e+06
    Temperature Pres. DC (bar) Pressure (bar)   Constr. rmsd
    3.00931e+02   -2.37336e+02   -1.01973e+02    2.99826e-06

           Step           Time
          42000       84.00000

   Energies (kJ/mol)
           Bond          Angle    Proper Dih. Ryckaert-Bell.          LJ-14
    6.06751e+03    1.62372e+04    9.45000e+02    8.62887e+03    1.12153e+04
     Coulomb-14        LJ (SR)  Disper. corr.   Coulomb (SR)   Coul. recip.
    3.96179e+04    2.40458e+05   -1.30894e+04   -1.72626e+06    8.09708e+03
 Position Rest.      Potential    Kinetic En.   Total Energy  Conserved En.
    1.85301e+03   -1.40623e+06    2.34954e+05   -1.17128e+06   -1.16868e+06
    Temperature Pres. DC (bar) Pressure (bar)   Constr. rmsd
    2.98479e+02   -2.38600e+02    1.01899e+02    3.07417e-06

           Step           Time
          42500       85.00000

   Energies (kJ/mol)
           Bond          Angle    Proper Dih. Ryckaert-Bell.          LJ-14
    5.91949e+03    1.68105e+04    9.95195e+02    8.52601e+03    1.10924e+04
     Coulomb-14        LJ (SR)  Disper. corr.   Coulomb (SR)   Coul. recip.
    3.95374e+04    2.38921e+05   -1.30474e+04   -1.72567e+06    8.19343e+03
 Position Rest.      Potential    Kinetic En.   Total Energy  Conserved En.
    1.86009e+03   -1.40686e+06    2.35929e+05   -1.17093e+06   -1.16870e+06
    Temperature Pres. DC (bar) Pressure (bar)   Constr. rmsd
    2.99718e+02   -2.37071e+02   -3.09247e+01    3.05888e-06

           Step           Time
          43000       86.00000

   Energies (kJ/mol)
           Bond          Angle    Proper Dih. Ryckaert-Bell.          LJ-14
    6.00227e+03    1.65663e+04    9.95645e+02    8.56485e+03    1.11765e+04
     Coulomb-14        LJ (SR)  Disper. corr.   Coulomb (SR)   Coul. recip.
    3.96731e+04    2.41116e+05   -1.30424e+04   -1.72757e+06    8.17851e+03
 Position Rest.      Potential    Kinetic En.   Total Energy  Conserved En.
    1.88867e+03   -1.40645e+06    2.35466e+05   -1.17099e+06   -1.16867e+06
    Temperature Pres. DC (bar) Pressure (bar)   Constr. rmsd
    2.99129e+02   -2.36891e+02   -4.55725e+01    3.07868e-06

           Step           Time
          43500       87.00000

   Energies (kJ/mol)
           Bond          Angle    Proper Dih. Ryckaert-Bell.          LJ-14
    6.13581e+03    1.63975e+04    9.37884e+02    8.70558e+03    1.10471e+04
     Coulomb-14        LJ (SR)  Disper. corr.   Coulomb (SR)   Coul. recip.
    3.94149e+04    2.39721e+05   -1.30584e+04   -1.72647e+06    8.09185e+03
 Position Rest.      Potential    Kinetic En.   Total Energy  Conserved En.
    1.89527e+03   -1.40718e+06    2.36405e+05   -1.17077e+06   -1.16869e+06
    Temperature Pres. DC (bar) Pressure (bar)   Constr. rmsd
    3.00322e+02   -2.37472e+02   -1.66755e+01    3.22151e-06

           Step           Time
          44000       88.00000

   Energies (kJ/mol)
           Bond          Angle    Proper Dih. Ryckaert-Bell.          LJ-14
    6.35459e+03    1.63353e+04    9.79096e+02    8.55924e+03    1.11716e+04
     Coulomb-14        LJ (SR)  Disper. corr.   Coulomb (SR)   Coul. recip.
    3.94525e+04    2.39802e+05   -1.30782e+04   -1.72522e+06    8.15988e+03
 Position Rest.      Potential    Kinetic En.   Total Energy  Conserved En.
    1.93386e+03   -1.40555e+06    2.36623e+05   -1.16892e+06   -1.16869e+06
    Temperature Pres. DC (bar) Pressure (bar)   Constr. rmsd
    3.00599e+02   -2.38193e+02   -8.49524e+01    3.39765e-06

           Step           Time
          44500       89.00000

   Energies (kJ/mol)
           Bond          Angle    Proper Dih. Ryckaert-Bell.          LJ-14
    6.19463e+03    1.64141e+04    1.01385e+03    8.73756e+03    1.10584e+04
     Coulomb-14        LJ (SR)  Disper. corr.   Coulomb (SR)   Coul. recip.
    3.95482e+04    2.40020e+05   -1.30286e+04   -1.72634e+06    8.14964e+03
 Position Rest.      Potential    Kinetic En.   Total Energy  Conserved En.
    1.87250e+03   -1.40636e+06    2.36139e+05   -1.17022e+06   -1.16867e+06
    Temperature Pres. DC (bar) Pressure (bar)   Constr. rmsd
    2.99984e+02   -2.36390e+02   -5.32599e+01    3.16383e-06

           Step           Time
          45000       90.00000

   Energies (kJ/mol)
           Bond          Angle    Proper Dih. Ryckaert-Bell.          LJ-14
    5.86537e+03    1.62618e+04    9.97745e+02    8.57907e+03    1.11615e+04
     Coulomb-14        LJ (SR)  Disper. corr.   Coulomb (SR)   Coul. recip.
    3.96647e+04    2.39551e+05   -1.30582e+04   -1.72712e+06    8.25083e+03
 Position Rest.      Potential    Kinetic En.   Total Energy  Conserved En.
    1.88921e+03   -1.40796e+06    2.35485e+05   -1.17247e+06   -1.16869e+06
    Temperature Pres. DC (bar) Pressure (bar)   Constr. rmsd
    2.99153e+02   -2.37465e+02   -5.21760e+01    3.17191e-06

           Step           Time
          45500       91.00000

   Energies (kJ/mol)
           Bond          Angle    Proper Dih. Ryckaert-Bell.          LJ-14
    5.98735e+03    1.64133e+04    1.03541e+03    8.54143e+03    1.11631e+04
     Coulomb-14        LJ (SR)  Disper. corr.   Coulomb (SR)   Coul. recip.
    3.95194e+04    2.38148e+05   -1.30567e+04   -1.72644e+06    8.15636e+03
 Position Rest.      Potential    Kinetic En.   Total Energy  Conserved En.
    1.90680e+03   -1.40863e+06    2.35011e+05   -1.17362e+06   -1.16865e+06
    Temperature Pres. DC (bar) Pressure (bar)   Constr. rmsd
    2.98551e+02   -2.37410e+02   -1.34048e+02    3.11256e-06

           Step           Time
          46000       92.00000

   Energies (kJ/mol)
           Bond          Angle    Proper Dih. Ryckaert-Bell.          LJ-14
    6.02832e+03    1.64171e+04    9.88223e+02    8.66575e+03    1.11105e+04
     Coulomb-14        LJ (SR)  Disper. corr.   Coulomb (SR)   Coul. recip.
    3.98132e+04    2.39412e+05   -1.30576e+04   -1.72571e+06    8.13186e+03
 Position Rest.      Potential    Kinetic En.   Total Energy  Conserved En.
    1.85750e+03   -1.40634e+06    2.36316e+05   -1.17002e+06   -1.16866e+06
    Temperature Pres. DC (bar) Pressure (bar)   Constr. rmsd
    3.00209e+02   -2.37443e+02   -4.61084e+01    3.23902e-06

           Step           Time
          46500       93.00000

   Energies (kJ/mol)
           Bond          Angle    Proper Dih. Ryckaert-Bell.          LJ-14
    5.90489e+03    1.67586e+04    9.03033e+02    8.77623e+03    1.10536e+04
     Coulomb-14        LJ (SR)  Disper. corr.   Coulomb (SR)   Coul. recip.
    3.95801e+04    2.39155e+05   -1.30566e+04   -1.72672e+06    8.06177e+03
 Position Rest.      Potential    Kinetic En.   Total Energy  Conserved En.
    1.93102e+03   -1.40765e+06    2.36764e+05   -1.17089e+06   -1.16867e+06
    Temperature Pres. DC (bar) Pressure (bar)   Constr. rmsd
    3.00779e+02   -2.37405e+02   -1.26801e+02    3.00008e-06

           Step           Time
          47000       94.00000

   Energies (kJ/mol)
           Bond          Angle    Proper Dih. Ryckaert-Bell.          LJ-14
    5.84859e+03    1.61128e+04    1.02985e+03    8.61477e+03    1.12596e+04
     Coulomb-14        LJ (SR)  Disper. corr.   Coulomb (SR)   Coul. recip.
    3.95728e+04    2.41057e+05   -1.30735e+04   -1.72966e+06    8.14424e+03
 Position Rest.      Potential    Kinetic En.   Total Energy  Conserved En.
    1.89452e+03   -1.40920e+06    2.35862e+05   -1.17334e+06   -1.16868e+06
    Temperature Pres. DC (bar) Pressure (bar)   Constr. rmsd
    2.99632e+02   -2.38020e+02    6.00602e+01    3.17856e-06

           Step           Time
          47500       95.00000

   Energies (kJ/mol)
           Bond          Angle    Proper Dih. Ryckaert-Bell.          LJ-14
    6.09265e+03    1.65943e+04    9.33800e+02    8.40460e+03    1.13098e+04
     Coulomb-14        LJ (SR)  Disper. corr.   Coulomb (SR)   Coul. recip.
    3.96908e+04    2.41111e+05   -1.30353e+04   -1.72724e+06    8.20702e+03
 Position Rest.      Potential    Kinetic En.   Total Energy  Conserved En.
    1.81128e+03   -1.40612e+06    2.35690e+05   -1.17043e+06   -1.16863e+06
    Temperature Pres. DC (bar) Pressure (bar)   Constr. rmsd
    2.99414e+02   -2.36634e+02    5.89055e+01    2.97716e-06

           Step           Time
          48000       96.00000

   Energies (kJ/mol)
           Bond          Angle    Proper Dih. Ryckaert-Bell.          LJ-14
    6.24726e+03    1.62596e+04    9.87796e+02    8.61995e+03    1.12724e+04
     Coulomb-14        LJ (SR)  Disper. corr.   Coulomb (SR)   Coul. recip.
    3.95987e+04    2.37392e+05   -1.30365e+04   -1.72209e+06    8.05300e+03
 Position Rest.      Potential    Kinetic En.   Total Energy  Conserved En.
    1.72738e+03   -1.40497e+06    2.36146e+05   -1.16882e+06   -1.16864e+06
    Temperature Pres. DC (bar) Pressure (bar)   Constr. rmsd
    2.99993e+02   -2.36677e+02   -1.79368e+02    3.17877e-06

           Step           Time
          48500       97.00000

   Energies (kJ/mol)
           Bond          Angle    Proper Dih. Ryckaert-Bell.          LJ-14
    5.76627e+03    1.65111e+04    9.46841e+02    8.53878e+03    1.10786e+04
     Coulomb-14        LJ (SR)  Disper. corr.   Coulomb (SR)   Coul. recip.
    3.94216e+04    2.40092e+05   -1.30818e+04   -1.72568e+06    8.27894e+03
 Position Rest.      Potential    Kinetic En.   Total Energy  Conserved En.
    1.78973e+03   -1.40633e+06    2.36358e+05   -1.16998e+06   -1.16866e+06
    Temperature Pres. DC (bar) Pressure (bar)   Constr. rmsd
    3.00262e+02   -2.38324e+02    6.19618e+01    3.15386e-06

           Step           Time
          49000       98.00000

   Energies (kJ/mol)
           Bond          Angle    Proper Dih. Ryckaert-Bell.          LJ-14
    6.08296e+03    1.65089e+04    9.73023e+02    8.58366e+03    1.10776e+04
     Coulomb-14        LJ (SR)  Disper. corr.   Coulomb (SR)   Coul. recip.
    3.95917e+04    2.37628e+05   -1.30201e+04   -1.72339e+06    8.22975e+03
 Position Rest.      Potential    Kinetic En.   Total Energy  Conserved En.
    1.82343e+03   -1.40591e+06    2.36907e+05   -1.16900e+06   -1.16866e+06
    Temperature Pres. DC (bar) Pressure (bar)   Constr. rmsd
    3.00960e+02   -2.36081e+02   -2.38965e+02    3.27263e-06

           Step           Time
          49500       99.00000

   Energies (kJ/mol)
           Bond          Angle    Proper Dih. Ryckaert-Bell.          LJ-14
    6.03618e+03    1.61494e+04    9.61182e+02    8.48261e+03    1.10754e+04
     Coulomb-14        LJ (SR)  Disper. corr.   Coulomb (SR)   Coul. recip.
    3.94131e+04    2.39266e+05   -1.31154e+04   -1.72603e+06    8.15727e+03
 Position Rest.      Potential    Kinetic En.   Total Energy  Conserved En.
    1.84007e+03   -1.40777e+06    2.36688e+05   -1.17108e+06   -1.16866e+06
    Temperature Pres. DC (bar) Pressure (bar)   Constr. rmsd
    3.00681e+02   -2.39547e+02    1.06710e+02    3.23258e-06

Writing checkpoint, step 49900 at Sat Jul 20 22:12:07 2024


           Step           Time
          50000      100.00000

Writing checkpoint, step 50000 at Sat Jul 20 22:12:17 2024


   Energies (kJ/mol)
           Bond          Angle    Proper Dih. Ryckaert-Bell.          LJ-14
    6.11021e+03    1.61973e+04    9.79207e+02    8.59154e+03    1.10222e+04
     Coulomb-14        LJ (SR)  Disper. corr.   Coulomb (SR)   Coul. recip.
    3.95377e+04    2.39288e+05   -1.30762e+04   -1.72541e+06    8.20374e+03
 Position Rest.      Potential    Kinetic En.   Total Energy  Conserved En.
    1.89728e+03   -1.40666e+06    2.35119e+05   -1.17154e+06   -1.16864e+06
    Temperature Pres. DC (bar) Pressure (bar)   Constr. rmsd
    2.98688e+02   -2.38117e+02   -1.99288e+02    3.34757e-06


Energy conservation over simulation part #2 of length 40.6 ns, time 59.4 to 100 ns
  Conserved energy drift: 3.89e-05 kJ/mol/ps per atom


	<======  ###############  ==>
	<====  A V E R A G E S  ====>
	<==  ###############  ======>

	Statistics over 50001 steps using 501 frames

   Energies (kJ/mol)
           Bond          Angle    Proper Dih. Ryckaert-Bell.          LJ-14
    6.08533e+03    1.63799e+04    9.94570e+02    8.58925e+03    1.11630e+04
     Coulomb-14        LJ (SR)  Disper. corr.   Coulomb (SR)   Coul. recip.
    3.95846e+04    2.40076e+05   -1.30599e+04   -1.72680e+06    8.14136e+03
 Position Rest.      Potential    Kinetic En.   Total Energy  Conserved En.
    1.84452e+03   -1.40700e+06    2.36063e+05   -1.17093e+06   -1.16878e+06
    Temperature Pres. DC (bar) Pressure (bar)   Constr. rmsd
    2.99888e+02   -2.37526e+02    1.35113e+00    0.00000e+00

          Box-X          Box-Y          Box-Z
    9.70504e+00    9.70504e+00    9.70504e+00

   Total Virial (kJ/mol)
    7.86260e+04    1.96647e+00   -5.91978e+01
    1.93673e+00    7.85723e+04   -6.32939e+02
   -5.97171e+01   -6.33265e+02    7.87597e+04

   Pressure (bar)
    2.22622e+00   -5.63804e-01    4.00587e+00
   -5.62718e-01    4.49464e+00    2.21603e+01
    4.02473e+00    2.21721e+01   -2.66747e+00

      T-Protein  T-non-Protein
    2.99852e+02    2.99892e+02


	M E G A - F L O P S   A C C O U N T I N G

 NB=Group-cutoff nonbonded kernels    NxN=N-by-N cluster Verlet kernels
 RF=Reaction-Field  VdW=Van der Waals  QSTab=quadratic-spline table
 W3=SPC/TIP3p  W4=TIP4p (single or pairs)
 V&F=Potential and force  V=Potential only  F=Force only

 Computing:                               M-Number         M-Flops  % Flops
-----------------------------------------------------------------------------
 Pair Search distance check           14197.169172      127774.523     0.3
 NxN QSTab Elec. + LJ [F]            515765.909776    21146402.301    53.6
 NxN QSTab Elec. + LJ [V&F]            5222.253768      308112.972     0.8
 NxN QSTab Elec. [F]                 427695.228048    14541637.754    36.9
 NxN QSTab Elec. [V&F]                 4330.466728      177549.136     0.4
 1,4 nonbonded interactions             437.973871       39417.648     0.1
 Calc Weights                          5653.935171      203541.666     0.5
 Spread Q Bspline                    120617.283648      241234.567     0.6
 Gather F Bspline                    120617.283648      723703.702     1.8
 3D-FFT                              192056.131584     1536449.053     3.9
 Solve PME                               83.357696        5334.893     0.0
 Shift-X                                 37.783656         226.702     0.0
 Bonds                                   86.715611        5116.221     0.0
 Angles                                 304.104993       51089.639     0.1
 Propers                                 35.614250        8155.663     0.0
 RB-Dihedrals                           342.649787       84634.497     0.2
 Pos. Restr.                             84.069981        4203.499     0.0
 Virial                                 188.639472        3395.510     0.0
 Stop-CM                                 18.891828         188.918     0.0
 Calc-Ekin                              377.095704       10181.584     0.0
 Lincs                                   81.709265        4902.556     0.0
 Lincs-Mat                              419.800428        1679.202     0.0
 Constraint-V                          1882.121533       16939.094     0.0
 Constraint-Vir                         180.120848        4322.900     0.0
 Settle                                 572.901001      211973.370     0.5
-----------------------------------------------------------------------------
 Total                                                39458167.571   100.0
-----------------------------------------------------------------------------


     R E A L   C Y C L E   A N D   T I M E   A C C O U N T I N G

On 1 MPI rank, each using 4 OpenMP threads

 Computing:          Num   Num      Call    Wall time         Giga-Cycles
                     Ranks Threads  Count      (s)         total sum    %
-----------------------------------------------------------------------------
 Neighbor search        1    4        408      35.468        396.321   2.0
 Force                  1    4      20351    1395.385      15592.220  76.7
 PME mesh               1    4      20351     280.577       3135.211  15.4
 NB X/F buffer ops.     1    4      40294      28.017        313.066   1.5
 Write traj.            1    4         43      33.076        369.594   1.8
 Update                 1    4      20351      18.349        205.034   1.0
 Constraints            1    4      20351      22.223        248.325   1.2
 Rest                                           5.453         60.935   0.3
-----------------------------------------------------------------------------
 Total                                       1818.548      20320.706 100.0
-----------------------------------------------------------------------------
 Breakdown of PME mesh computation
-----------------------------------------------------------------------------
 PME spread             1    4      20351     103.759       1159.419   5.7
 PME gather             1    4      20351     122.913       1373.451   6.8
 PME 3D-FFT             1    4      40702      45.331        506.532   2.5
 PME solve Elec         1    4      20351       6.728         75.176   0.4
-----------------------------------------------------------------------------

               Core t (s)   Wall t (s)        (%)
       Time:     7274.182     1818.548      400.0
                         30:18
                 (ns/day)    (hour/ns)
Performance:        1.934       12.411
Finished mdrun on rank 0 Sat Jul 20 22:12:21 2024

